TN:
SF:expo-env.d.ts
FNF:0
FNH:0
LF:0
LH:0
BRF:0
BRH:0
end_of_record
TN:
SF:nativewind-env.d.ts
FNF:0
FNH:0
LF:0
LH:0
BRF:0
BRH:0
end_of_record
TN:
SF:test-utils.tsx
FN:10,(anonymous_0)
FN:22,(anonymous_1)
FN:23,(anonymous_2)
FN:24,(anonymous_3)
FN:35,(anonymous_4)
FN:47,(anonymous_5)
FN:50,(anonymous_6)
FN:56,(anonymous_7)
FN:57,(anonymous_8)
FN:61,(anonymous_9)
FN:66,(anonymous_10)
FN:74,(anonymous_11)
FN:75,(anonymous_12)
FNF:13
FNH:0
FNDA:0,(anonymous_0)
FNDA:0,(anonymous_1)
FNDA:0,(anonymous_2)
FNDA:0,(anonymous_3)
FNDA:0,(anonymous_4)
FNDA:0,(anonymous_5)
FNDA:0,(anonymous_6)
FNDA:0,(anonymous_7)
FNDA:0,(anonymous_8)
FNDA:0,(anonymous_9)
FNDA:0,(anonymous_10)
FNDA:0,(anonymous_11)
FNDA:0,(anonymous_12)
DA:10,0
DA:12,0
DA:28,0
DA:35,0
DA:38,0
DA:47,0
DA:50,0
DA:56,0
DA:57,0
DA:61,0
DA:66,0
DA:74,0
DA:75,0
LF:13
LH:0
BRDA:66,0,0,0
BRF:1
BRH:0
end_of_record
TN:
SF:app/+not-found.tsx
FN:7,NotFoundScreen
FNF:1
FNH:0
FNDA:0,NotFoundScreen
DA:8,0
DA:21,0
LF:2
LH:0
BRF:0
BRH:0
end_of_record
TN:
SF:app/(auth)/_layout.tsx
FN:4,AuthLayout
FNF:1
FNH:0
FNDA:0,AuthLayout
DA:5,0
LF:1
LH:0
BRF:0
BRH:0
end_of_record
TN:
SF:app/(auth)/signup.tsx
FN:41,GoogleIcon
FN:49,SignupScreen
FN:66,(anonymous_2)
FN:85,(anonymous_3)
FN:86,(anonymous_4)
FN:92,(anonymous_5)
FN:138,(anonymous_6)
FN:177,(anonymous_7)
FN:183,(anonymous_8)
FNF:9
FNH:0
FNDA:0,GoogleIcon
FNDA:0,SignupScreen
FNDA:0,(anonymous_2)
FNDA:0,(anonymous_3)
FNDA:0,(anonymous_4)
FNDA:0,(anonymous_5)
FNDA:0,(anonymous_6)
FNDA:0,(anonymous_7)
FNDA:0,(anonymous_8)
DA:33,0
DA:35,0
DA:42,0
DA:50,0
DA:51,0
DA:52,0
DA:53,0
DA:56,0
DA:59,0
DA:66,0
DA:67,0
DA:68,0
DA:69,0
DA:70,0
DA:71,0
DA:72,0
DA:77,0
DA:78,0
DA:79,0
DA:80,0
DA:85,0
DA:86,0
DA:88,0
DA:92,0
DA:93,0
DA:94,0
DA:97,0
DA:98,0
DA:100,0
DA:101,0
DA:105,0
DA:111,0
DA:112,0
DA:114,0
DA:116,0
DA:118,0
DA:119,0
DA:120,0
DA:121,0
DA:122,0
DA:123,0
DA:124,0
DA:128,0
DA:134,0
DA:138,0
DA:139,0
DA:141,0
DA:142,0
DA:144,0
DA:145,0
DA:148,0
DA:154,0
DA:156,0
DA:158,0
DA:159,0
DA:160,0
DA:161,0
DA:163,0
DA:164,0
DA:168,0
DA:173,0
DA:177,0
DA:178,0
DA:179,0
DA:180,0
DA:183,0
DA:184,0
DA:187,0
LF:68
LH:0
BRDA:41,0,0,0
BRDA:67,1,0,0
BRDA:67,1,1,0
BRDA:70,2,0,0
BRDA:70,2,1,0
BRDA:78,3,0,0
BRDA:78,3,1,0
BRDA:100,4,0,0
BRDA:100,4,1,0
BRDA:107,5,0,0
BRDA:107,5,1,0
BRDA:118,6,0,0
BRDA:118,6,1,0
BRDA:119,7,0,0
BRDA:119,7,1,0
BRDA:121,8,0,0
BRDA:121,8,1,0
BRDA:123,9,0,0
BRDA:123,9,1,0
BRDA:139,10,0,0
BRDA:139,10,1,0
BRDA:139,11,0,0
BRDA:139,11,1,0
BRDA:158,12,0,0
BRDA:158,12,1,0
BRDA:159,13,0,0
BRDA:159,13,1,0
BRDA:161,14,0,0
BRDA:161,14,1,0
BRDA:310,15,0,0
BRDA:310,15,1,0
BRDA:323,16,0,0
BRDA:323,16,1,0
BRDA:323,17,0,0
BRDA:323,17,1,0
BRDA:327,18,0,0
BRDA:327,18,1,0
BRDA:327,19,0,0
BRDA:327,19,1,0
BRDA:342,20,0,0
BRDA:342,20,1,0
BRDA:344,21,0,0
BRDA:344,21,1,0
BRDA:354,22,0,0
BRDA:354,22,1,0
BRDA:366,23,0,0
BRDA:366,23,1,0
BRDA:366,24,0,0
BRDA:366,24,1,0
BRF:49
BRH:0
end_of_record
TN:
SF:app/(modal)/_layout.tsx
FN:3,ModalLayout
FNF:1
FNH:0
FNDA:0,ModalLayout
DA:4,0
LF:1
LH:0
BRF:0
BRH:0
end_of_record
TN:
SF:app/(modal)/add-exercises.tsx
FN:43,AddExercisesScreen
FN:85,(anonymous_1)
FN:86,(anonymous_2)
FN:90,(anonymous_3)
FN:94,(anonymous_4)
FN:99,(anonymous_5)
FN:105,(anonymous_6)
FN:106,(anonymous_7)
FN:121,(anonymous_8)
FN:126,(anonymous_9)
FN:135,(anonymous_10)
FN:142,(anonymous_11)
FN:151,(anonymous_12)
FN:156,(anonymous_13)
FN:159,(anonymous_14)
FN:163,(anonymous_15)
FN:169,(anonymous_16)
FN:174,(anonymous_17)
FN:177,(anonymous_18)
FN:181,(anonymous_19)
FN:189,(anonymous_20)
FN:192,(anonymous_21)
FN:201,(anonymous_22)
FN:204,(anonymous_23)
FN:214,(anonymous_24)
FN:217,(anonymous_25)
FN:227,(anonymous_26)
FN:233,(anonymous_27)
FN:244,(anonymous_28)
FN:248,(anonymous_29)
FN:260,(anonymous_30)
FN:271,(anonymous_31)
FN:275,(anonymous_32)
FN:301,(anonymous_33)
FN:314,(anonymous_34)
FN:328,(anonymous_35)
FN:358,(anonymous_36)
FN:362,(anonymous_37)
FN:372,(anonymous_38)
FN:374,(anonymous_39)
FN:381,(anonymous_40)
FN:383,(anonymous_41)
FN:391,(anonymous_42)
FN:392,(anonymous_43)
FN:400,(anonymous_44)
FN:413,(anonymous_45)
FN:418,(anonymous_46)
FN:466,(anonymous_47)
FN:476,(anonymous_48)
FN:493,(anonymous_49)
FN:548,(anonymous_50)
FN:566,(anonymous_51)
FN:633,(anonymous_52)
FN:656,(anonymous_53)
FN:730,(anonymous_54)
FN:788,(anonymous_55)
FNF:56
FNH:0
FNDA:0,AddExercisesScreen
FNDA:0,(anonymous_1)
FNDA:0,(anonymous_2)
FNDA:0,(anonymous_3)
FNDA:0,(anonymous_4)
FNDA:0,(anonymous_5)
FNDA:0,(anonymous_6)
FNDA:0,(anonymous_7)
FNDA:0,(anonymous_8)
FNDA:0,(anonymous_9)
FNDA:0,(anonymous_10)
FNDA:0,(anonymous_11)
FNDA:0,(anonymous_12)
FNDA:0,(anonymous_13)
FNDA:0,(anonymous_14)
FNDA:0,(anonymous_15)
FNDA:0,(anonymous_16)
FNDA:0,(anonymous_17)
FNDA:0,(anonymous_18)
FNDA:0,(anonymous_19)
FNDA:0,(anonymous_20)
FNDA:0,(anonymous_21)
FNDA:0,(anonymous_22)
FNDA:0,(anonymous_23)
FNDA:0,(anonymous_24)
FNDA:0,(anonymous_25)
FNDA:0,(anonymous_26)
FNDA:0,(anonymous_27)
FNDA:0,(anonymous_28)
FNDA:0,(anonymous_29)
FNDA:0,(anonymous_30)
FNDA:0,(anonymous_31)
FNDA:0,(anonymous_32)
FNDA:0,(anonymous_33)
FNDA:0,(anonymous_34)
FNDA:0,(anonymous_35)
FNDA:0,(anonymous_36)
FNDA:0,(anonymous_37)
FNDA:0,(anonymous_38)
FNDA:0,(anonymous_39)
FNDA:0,(anonymous_40)
FNDA:0,(anonymous_41)
FNDA:0,(anonymous_42)
FNDA:0,(anonymous_43)
FNDA:0,(anonymous_44)
FNDA:0,(anonymous_45)
FNDA:0,(anonymous_46)
FNDA:0,(anonymous_47)
FNDA:0,(anonymous_48)
FNDA:0,(anonymous_49)
FNDA:0,(anonymous_50)
FNDA:0,(anonymous_51)
FNDA:0,(anonymous_52)
FNDA:0,(anonymous_53)
FNDA:0,(anonymous_54)
FNDA:0,(anonymous_55)
DA:44,0
DA:45,0
DA:48,0
DA:49,0
DA:50,0
DA:53,0
DA:54,0
DA:55,0
DA:61,0
DA:64,0
DA:76,0
DA:78,0
DA:81,0
DA:82,0
DA:85,0
DA:86,0
DA:87,0
DA:90,0
DA:94,0
DA:95,0
DA:99,0
DA:100,0
DA:101,0
DA:105,0
DA:106,0
DA:107,0
DA:110,0
DA:121,0
DA:122,0
DA:125,0
DA:126,0
DA:127,0
DA:134,0
DA:135,0
DA:136,0
DA:141,0
DA:142,0
DA:143,0
DA:147,0
DA:151,0
DA:152,0
DA:154,0
DA:156,0
DA:159,0
DA:160,0
DA:163,0
DA:169,0
DA:170,0
DA:172,0
DA:174,0
DA:177,0
DA:178,0
DA:181,0
DA:188,0
DA:189,0
DA:192,0
DA:193,0
DA:198,0
DA:201,0
DA:202,0
DA:204,0
DA:214,0
DA:215,0
DA:217,0
DA:227,0
DA:228,0
DA:229,0
DA:230,0
DA:233,0
DA:234,0
DA:238,0
DA:239,0
DA:244,0
DA:245,0
DA:246,0
DA:248,0
DA:249,0
DA:250,0
DA:254,0
DA:255,0
DA:260,0
DA:261,0
DA:262,0
DA:263,0
DA:265,0
DA:266,0
DA:271,0
DA:272,0
DA:273,0
DA:275,0
DA:277,0
DA:278,0
DA:279,0
DA:283,0
DA:286,0
DA:289,0
DA:290,0
DA:291,0
DA:293,0
DA:296,0
DA:297,0
DA:301,0
DA:302,0
DA:308,0
DA:309,0
DA:314,0
DA:315,0
DA:316,0
DA:318,0
DA:319,0
DA:320,0
DA:329,0
DA:331,0
DA:332,0
DA:333,0
DA:335,0
DA:343,0
DA:344,0
DA:345,0
DA:347,0
DA:351,0
DA:353,0
DA:358,0
DA:359,0
DA:360,0
DA:361,0
DA:362,0
DA:372,0
DA:373,0
DA:374,0
DA:381,0
DA:382,0
DA:383,0
DA:391,0
DA:392,0
DA:400,0
DA:401,0
DA:409,0
DA:413,0
DA:414,0
DA:416,0
DA:418,0
DA:466,0
DA:475,0
DA:476,0
DA:493,0
DA:502,0
DA:521,0
DA:522,0
DA:538,0
DA:539,0
DA:548,0
DA:559,0
DA:567,0
DA:568,0
DA:634,0
DA:657,0
DA:730,0
DA:789,0
DA:790,0
LF:160
LH:0
BRDA:65,0,0,0
BRDA:65,0,1,0
BRDA:66,1,0,0
BRDA:66,1,1,0
BRDA:67,2,0,0
BRDA:67,2,1,0
BRDA:78,3,0,0
BRDA:78,3,1,0
BRDA:95,4,0,0
BRDA:95,4,1,0
BRDA:95,4,2,0
BRDA:100,5,0,0
BRDA:100,5,1,0
BRDA:100,6,0,0
BRDA:100,6,1,0
BRDA:111,7,0,0
BRDA:111,7,1,0
BRDA:113,8,0,0
BRDA:113,8,1,0
BRDA:114,9,0,0
BRDA:114,9,1,0
BRDA:115,10,0,0
BRDA:115,10,1,0
BRDA:125,11,0,0
BRDA:125,11,1,0
BRDA:127,12,0,0
BRDA:127,12,1,0
BRDA:127,12,2,0
BRDA:134,13,0,0
BRDA:134,13,1,0
BRDA:141,14,0,0
BRDA:141,14,1,0
BRDA:154,15,0,0
BRDA:154,15,1,0
BRDA:154,16,0,0
BRDA:154,16,1,0
BRDA:172,17,0,0
BRDA:172,17,1,0
BRDA:172,18,0,0
BRDA:172,18,1,0
BRDA:234,19,0,0
BRDA:234,19,1,0
BRDA:249,20,0,0
BRDA:249,20,1,0
BRDA:277,21,0,0
BRDA:277,21,1,0
BRDA:290,22,0,0
BRDA:290,22,1,0
BRDA:304,23,0,0
BRDA:304,23,1,0
BRDA:319,24,0,0
BRDA:319,24,1,0
BRDA:322,25,0,0
BRDA:322,25,1,0
BRDA:332,26,0,0
BRDA:332,26,1,0
BRDA:344,27,0,0
BRDA:344,27,1,0
BRDA:409,28,0,0
BRDA:409,28,1,0
BRDA:414,29,0,0
BRDA:414,29,1,0
BRDA:420,30,0,0
BRDA:420,30,1,0
BRDA:448,31,0,0
BRDA:448,31,1,0
BRDA:452,32,0,0
BRDA:452,32,1,0
BRDA:478,33,0,0
BRDA:478,33,1,0
BRDA:483,34,0,0
BRDA:483,34,1,0
BRDA:505,35,0,0
BRDA:505,35,1,0
BRDA:510,36,0,0
BRDA:510,36,1,0
BRDA:513,37,0,0
BRDA:513,37,1,0
BRDA:515,38,0,0
BRDA:515,38,1,0
BRDA:521,39,0,0
BRDA:521,39,1,0
BRDA:538,40,0,0
BRDA:538,40,1,0
BRDA:538,41,0,0
BRDA:538,41,1,0
BRDA:585,42,0,0
BRDA:585,42,1,0
BRDA:631,43,0,0
BRDA:631,43,1,0
BRDA:654,44,0,0
BRDA:654,44,1,0
BRDA:671,45,0,0
BRDA:671,45,1,0
BRDA:671,45,2,0
BRDA:671,45,3,0
BRDA:691,46,0,0
BRDA:691,46,1,0
BRDA:691,47,0,0
BRDA:691,47,1,0
BRDA:691,47,2,0
BRDA:698,48,0,0
BRDA:698,48,1,0
BRDA:708,49,0,0
BRDA:708,49,1,0
BRDA:733,50,0,0
BRDA:733,50,1,0
BRDA:747,51,0,0
BRDA:747,51,1,0
BRDA:752,52,0,0
BRDA:752,52,1,0
BRDA:752,52,2,0
BRDA:752,52,3,0
BRDA:767,53,0,0
BRDA:767,53,1,0
BRDA:775,54,0,0
BRDA:775,54,1,0
BRDA:782,55,0,0
BRDA:782,55,1,0
BRDA:782,55,2,0
BRDA:785,56,0,0
BRDA:785,56,1,0
BRDA:785,56,2,0
BRDA:785,56,3,0
BRDA:789,57,0,0
BRDA:789,57,1,0
BRF:126
BRH:0
end_of_record
TN:
SF:app/(modal)/contact.tsx
FN:22,ContactScreen
FN:29,(anonymous_1)
FN:34,(anonymous_2)
FN:45,(anonymous_3)
FN:51,(anonymous_4)
FN:55,(anonymous_5)
FN:66,(anonymous_6)
FN:72,(anonymous_7)
FN:74,(anonymous_8)
FN:81,(anonymous_9)
FN:93,(anonymous_10)
FN:140,(anonymous_11)
FN:152,(anonymous_12)
FN:200,(anonymous_13)
FN:212,(anonymous_14)
FN:259,(anonymous_15)
FN:271,(anonymous_16)
FN:303,(anonymous_17)
FN:323,(anonymous_18)
FN:349,(anonymous_19)
FN:370,(anonymous_20)
FN:445,(anonymous_21)
FN:457,(anonymous_22)
FNF:23
FNH:0
FNDA:0,ContactScreen
FNDA:0,(anonymous_1)
FNDA:0,(anonymous_2)
FNDA:0,(anonymous_3)
FNDA:0,(anonymous_4)
FNDA:0,(anonymous_5)
FNDA:0,(anonymous_6)
FNDA:0,(anonymous_7)
FNDA:0,(anonymous_8)
FNDA:0,(anonymous_9)
FNDA:0,(anonymous_10)
FNDA:0,(anonymous_11)
FNDA:0,(anonymous_12)
FNDA:0,(anonymous_13)
FNDA:0,(anonymous_14)
FNDA:0,(anonymous_15)
FNDA:0,(anonymous_16)
FNDA:0,(anonymous_17)
FNDA:0,(anonymous_18)
FNDA:0,(anonymous_19)
FNDA:0,(anonymous_20)
FNDA:0,(anonymous_21)
FNDA:0,(anonymous_22)
DA:23,0
DA:24,0
DA:26,0
DA:29,0
DA:30,0
DA:31,0
DA:33,0
DA:35,0
DA:36,0
DA:38,0
DA:46,0
DA:47,0
DA:51,0
DA:52,0
DA:54,0
DA:56,0
DA:57,0
DA:59,0
DA:67,0
DA:68,0
DA:72,0
DA:73,0
DA:75,0
DA:76,0
DA:78,0
DA:82,0
DA:83,0
DA:87,0
DA:93,0
DA:140,0
DA:152,0
DA:200,0
DA:212,0
DA:259,0
DA:271,0
DA:303,0
DA:323,0
DA:349,0
DA:370,0
DA:445,0
DA:457,0
LF:41
LH:0
BRDA:35,0,0,0
BRDA:35,0,1,0
BRDA:56,1,0,0
BRDA:56,1,1,0
BRDA:75,2,0,0
BRDA:75,2,1,0
BRF:6
BRH:0
end_of_record
TN:
SF:app/(modal)/exercise-detail.tsx
FN:41,ExerciseDetailScreen
FN:64,(anonymous_1)
FN:86,(anonymous_2)
FN:94,(anonymous_3)
FN:96,(anonymous_4)
FN:107,(anonymous_5)
FN:112,(anonymous_6)
FN:114,(anonymous_7)
FN:119,(anonymous_8)
FN:120,(anonymous_9)
FN:125,(anonymous_10)
FN:131,(anonymous_11)
FN:138,(anonymous_12)
FN:148,(anonymous_13)
FN:159,(anonymous_14)
FN:165,(anonymous_15)
FN:172,(anonymous_16)
FN:183,(anonymous_17)
FN:200,(anonymous_18)
FN:212,(anonymous_19)
FN:225,(anonymous_20)
FN:239,(anonymous_21)
FN:242,(anonymous_22)
FN:251,(anonymous_23)
FN:266,(anonymous_24)
FN:280,(anonymous_25)
FN:281,(anonymous_26)
FN:286,(anonymous_27)
FN:305,(anonymous_28)
FN:311,(anonymous_29)
FN:374,(anonymous_30)
FN:404,(anonymous_31)
FN:420,(anonymous_32)
FN:450,(anonymous_33)
FN:525,(anonymous_34)
FN:528,(anonymous_35)
FNF:36
FNH:0
FNDA:0,ExerciseDetailScreen
FNDA:0,(anonymous_1)
FNDA:0,(anonymous_2)
FNDA:0,(anonymous_3)
FNDA:0,(anonymous_4)
FNDA:0,(anonymous_5)
FNDA:0,(anonymous_6)
FNDA:0,(anonymous_7)
FNDA:0,(anonymous_8)
FNDA:0,(anonymous_9)
FNDA:0,(anonymous_10)
FNDA:0,(anonymous_11)
FNDA:0,(anonymous_12)
FNDA:0,(anonymous_13)
FNDA:0,(anonymous_14)
FNDA:0,(anonymous_15)
FNDA:0,(anonymous_16)
FNDA:0,(anonymous_17)
FNDA:0,(anonymous_18)
FNDA:0,(anonymous_19)
FNDA:0,(anonymous_20)
FNDA:0,(anonymous_21)
FNDA:0,(anonymous_22)
FNDA:0,(anonymous_23)
FNDA:0,(anonymous_24)
FNDA:0,(anonymous_25)
FNDA:0,(anonymous_26)
FNDA:0,(anonymous_27)
FNDA:0,(anonymous_28)
FNDA:0,(anonymous_29)
FNDA:0,(anonymous_30)
FNDA:0,(anonymous_31)
FNDA:0,(anonymous_32)
FNDA:0,(anonymous_33)
FNDA:0,(anonymous_34)
FNDA:0,(anonymous_35)
DA:42,0
DA:43,0
DA:47,0
DA:48,0
DA:49,0
DA:50,0
DA:59,0
DA:60,0
DA:63,0
DA:64,0
DA:65,0
DA:68,0
DA:69,0
DA:70,0
DA:71,0
DA:72,0
DA:75,0
DA:76,0
DA:77,0
DA:78,0
DA:81,0
DA:82,0
DA:83,0
DA:86,0
DA:87,0
DA:88,0
DA:94,0
DA:95,0
DA:96,0
DA:102,0
DA:107,0
DA:108,0
DA:112,0
DA:113,0
DA:114,0
DA:115,0
DA:119,0
DA:120,0
DA:121,0
DA:125,0
DA:126,0
DA:127,0
DA:131,0
DA:132,0
DA:133,0
DA:138,0
DA:139,0
DA:140,0
DA:141,0
DA:143,0
DA:145,0
DA:148,0
DA:149,0
DA:150,0
DA:151,0
DA:153,0
DA:155,0
DA:159,0
DA:160,0
DA:161,0
DA:162,0
DA:165,0
DA:166,0
DA:167,0
DA:168,0
DA:172,0
DA:173,0
DA:176,0
DA:177,0
DA:178,0
DA:179,0
DA:183,0
DA:184,0
DA:185,0
DA:186,0
DA:187,0
DA:188,0
DA:189,0
DA:190,0
DA:193,0
DA:194,0
DA:195,0
DA:200,0
DA:201,0
DA:202,0
DA:203,0
DA:204,0
DA:205,0
DA:206,0
DA:207,0
DA:208,0
DA:212,0
DA:213,0
DA:220,0
DA:221,0
DA:224,0
DA:225,0
DA:231,0
DA:234,0
DA:235,0
DA:239,0
DA:240,0
DA:242,0
DA:243,0
DA:247,0
DA:250,0
DA:251,0
DA:257,0
DA:260,0
DA:261,0
DA:262,0
DA:266,0
DA:267,0
DA:269,0
DA:281,0
DA:282,0
DA:285,0
DA:286,0
DA:292,0
DA:295,0
DA:296,0
DA:297,0
DA:305,0
DA:306,0
DA:307,0
DA:311,0
DA:312,0
DA:313,0
DA:316,0
DA:323,0
DA:324,0
DA:325,0
DA:328,0
DA:330,0
DA:374,0
DA:404,0
DA:420,0
DA:450,0
DA:526,0
DA:528,0
LF:140
LH:0
BRDA:63,0,0,0
BRDA:63,0,1,0
BRDA:64,1,0,0
BRDA:64,1,1,0
BRDA:65,2,0,0
BRDA:65,2,1,0
BRDA:65,2,2,0
BRDA:88,3,0,0
BRDA:88,3,1,0
BRDA:88,3,2,0
BRDA:88,3,3,0
BRDA:88,3,4,0
BRDA:88,3,5,0
BRDA:95,4,0,0
BRDA:95,4,1,0
BRDA:97,5,0,0
BRDA:97,5,1,0
BRDA:108,6,0,0
BRDA:108,6,1,0
BRDA:108,7,0,0
BRDA:108,7,1,0
BRDA:113,8,0,0
BRDA:113,8,1,0
BRDA:113,9,0,0
BRDA:113,9,1,0
BRDA:126,10,0,0
BRDA:126,10,1,0
BRDA:132,11,0,0
BRDA:132,11,1,0
BRDA:140,12,0,0
BRDA:140,12,1,0
BRDA:140,13,0,0
BRDA:140,13,1,0
BRDA:150,14,0,0
BRDA:150,14,1,0
BRDA:150,15,0,0
BRDA:150,15,1,0
BRDA:176,16,0,0
BRDA:176,16,1,0
BRDA:184,17,0,0
BRDA:184,17,1,0
BRDA:215,18,0,0
BRDA:215,18,1,0
BRDA:215,19,0,0
BRDA:215,19,1,0
BRDA:224,20,0,0
BRDA:224,20,1,0
BRDA:240,21,0,0
BRDA:240,21,1,0
BRDA:243,22,0,0
BRDA:243,22,1,0
BRDA:250,23,0,0
BRDA:250,23,1,0
BRDA:267,24,0,0
BRDA:267,24,1,0
BRDA:285,25,0,0
BRDA:285,25,1,0
BRDA:312,26,0,0
BRDA:312,26,1,0
BRDA:312,27,0,0
BRDA:312,27,1,0
BRDA:312,27,2,0
BRDA:317,28,0,0
BRDA:317,28,1,0
BRDA:317,28,2,0
BRDA:325,29,0,0
BRDA:325,29,1,0
BRDA:328,30,0,0
BRDA:328,30,1,0
BRDA:335,31,0,0
BRDA:335,31,1,0
BRDA:381,32,0,0
BRDA:381,32,1,0
BRDA:398,33,0,0
BRDA:398,33,1,0
BRDA:398,34,0,0
BRDA:398,34,1,0
BRDA:427,35,0,0
BRDA:427,35,1,0
BRDA:484,36,0,0
BRDA:484,36,1,0
BRDA:485,37,0,0
BRDA:485,37,1,0
BRDA:487,38,0,0
BRDA:487,38,1,0
BRDA:488,39,0,0
BRDA:488,39,1,0
BRDA:494,40,0,0
BRDA:494,40,1,0
BRDA:494,41,0,0
BRDA:494,41,1,0
BRDA:498,42,0,0
BRDA:498,42,1,0
BRDA:505,43,0,0
BRDA:505,43,1,0
BRDA:510,44,0,0
BRDA:510,44,1,0
BRDA:514,45,0,0
BRDA:514,45,1,0
BRDA:530,46,0,0
BRDA:530,46,1,0
BRDA:538,47,0,0
BRDA:538,47,1,0
BRDA:540,48,0,0
BRDA:540,48,1,0
BRDA:541,49,0,0
BRDA:541,49,1,0
BRDA:542,50,0,0
BRDA:542,50,1,0
BRDA:554,51,0,0
BRDA:554,51,1,0
BRDA:554,52,0,0
BRDA:554,52,1,0
BRDA:564,53,0,0
BRDA:564,53,1,0
BRDA:577,54,0,0
BRDA:577,54,1,0
BRF:117
BRH:0
end_of_record
TN:
SF:app/(modal)/feedback.tsx
FN:25,FeedbackScreen
FN:39,(anonymous_1)
FN:54,(anonymous_2)
FN:59,(anonymous_3)
FN:68,(anonymous_4)
FN:85,(anonymous_5)
FN:98,(anonymous_6)
FN:129,(anonymous_7)
FN:276,(anonymous_8)
FNF:9
FNH:0
FNDA:0,FeedbackScreen
FNDA:0,(anonymous_1)
FNDA:0,(anonymous_2)
FNDA:0,(anonymous_3)
FNDA:0,(anonymous_4)
FNDA:0,(anonymous_5)
FNDA:0,(anonymous_6)
FNDA:0,(anonymous_7)
FNDA:0,(anonymous_8)
DA:26,0
DA:27,0
DA:30,0
DA:31,0
DA:33,0
DA:34,0
DA:36,0
DA:39,0
DA:41,0
DA:44,0
DA:45,0
DA:48,0
DA:50,0
DA:54,0
DA:55,0
DA:56,0
DA:59,0
DA:61,0
DA:63,0
DA:64,0
DA:68,0
DA:69,0
DA:70,0
DA:71,0
DA:72,0
DA:75,0
DA:76,0
DA:77,0
DA:78,0
DA:81,0
DA:83,0
DA:85,0
DA:88,0
DA:90,0
DA:92,0
DA:99,0
DA:100,0
DA:107,0
DA:108,0
DA:109,0
DA:115,0
DA:119,0
DA:129,0
DA:278,0
LF:44
LH:0
BRDA:63,0,0,0
BRDA:63,0,1,0
BRDA:69,1,0,0
BRDA:69,1,1,0
BRDA:75,2,0,0
BRDA:75,2,1,0
BRDA:122,3,0,0
BRDA:122,3,1,0
BRDA:205,4,0,0
BRDA:205,4,1,0
BRDA:237,5,0,0
BRDA:237,5,1,0
BRDA:237,5,2,0
BRDA:239,6,0,0
BRDA:239,6,1,0
BRDA:239,7,0,0
BRDA:239,7,1,0
BRDA:239,7,2,0
BRDA:245,8,0,0
BRDA:245,8,1,0
BRF:20
BRH:0
end_of_record
TN:
SF:app/(modal)/privacy.tsx
FN:20,PrivacyScreen
FN:32,(anonymous_1)
FNF:2
FNH:0
FNDA:0,PrivacyScreen
FNDA:0,(anonymous_1)
DA:21,0
DA:22,0
DA:24,0
DA:26,0
DA:32,0
LF:5
LH:0
BRF:0
BRH:0
end_of_record
TN:
SF:app/(modal)/terms.tsx
FN:20,TermsScreen
FN:32,(anonymous_1)
FNF:2
FNH:0
FNDA:0,TermsScreen
FNDA:0,(anonymous_1)
DA:21,0
DA:22,0
DA:24,0
DA:26,0
DA:32,0
LF:5
LH:0
BRF:0
BRH:0
end_of_record
TN:
SF:app/(modal)/workout-detail.tsx
FN:30,WorkoutDetailScreen
FN:48,(anonymous_1)
FN:52,(anonymous_2)
FN:59,(anonymous_3)
FN:76,(anonymous_4)
FN:88,(anonymous_5)
FN:92,(anonymous_6)
FN:94,(anonymous_7)
FN:99,(anonymous_8)
FN:101,(anonymous_9)
FN:103,(anonymous_10)
FN:107,(anonymous_11)
FN:109,(anonymous_12)
FN:111,(anonymous_13)
FN:120,(anonymous_14)
FN:126,(anonymous_15)
FN:149,(anonymous_16)
FN:155,(anonymous_17)
FN:167,(anonymous_18)
FN:172,(anonymous_19)
FN:175,(anonymous_20)
FN:181,(anonymous_21)
FN:202,(anonymous_22)
FN:235,(anonymous_23)
FN:429,(anonymous_24)
FN:474,(anonymous_25)
FN:516,(anonymous_26)
FN:526,(anonymous_27)
FNF:28
FNH:0
FNDA:0,WorkoutDetailScreen
FNDA:0,(anonymous_1)
FNDA:0,(anonymous_2)
FNDA:0,(anonymous_3)
FNDA:0,(anonymous_4)
FNDA:0,(anonymous_5)
FNDA:0,(anonymous_6)
FNDA:0,(anonymous_7)
FNDA:0,(anonymous_8)
FNDA:0,(anonymous_9)
FNDA:0,(anonymous_10)
FNDA:0,(anonymous_11)
FNDA:0,(anonymous_12)
FNDA:0,(anonymous_13)
FNDA:0,(anonymous_14)
FNDA:0,(anonymous_15)
FNDA:0,(anonymous_16)
FNDA:0,(anonymous_17)
FNDA:0,(anonymous_18)
FNDA:0,(anonymous_19)
FNDA:0,(anonymous_20)
FNDA:0,(anonymous_21)
FNDA:0,(anonymous_22)
FNDA:0,(anonymous_23)
FNDA:0,(anonymous_24)
FNDA:0,(anonymous_25)
FNDA:0,(anonymous_26)
FNDA:0,(anonymous_27)
DA:31,0
DA:32,0
DA:35,0
DA:36,0
DA:37,0
DA:40,0
DA:41,0
DA:42,0
DA:43,0
DA:46,0
DA:47,0
DA:48,0
DA:52,0
DA:53,0
DA:54,0
DA:59,0
DA:60,0
DA:61,0
DA:66,0
DA:67,0
DA:76,0
DA:88,0
DA:89,0
DA:92,0
DA:93,0
DA:94,0
DA:95,0
DA:99,0
DA:100,0
DA:101,0
DA:102,0
DA:103,0
DA:107,0
DA:108,0
DA:109,0
DA:110,0
DA:111,0
DA:112,0
DA:113,0
DA:114,0
DA:120,0
DA:121,0
DA:122,0
DA:123,0
DA:126,0
DA:127,0
DA:128,0
DA:129,0
DA:131,0
DA:133,0
DA:135,0
DA:136,0
DA:138,0
DA:139,0
DA:140,0
DA:142,0
DA:146,0
DA:149,0
DA:150,0
DA:151,0
DA:152,0
DA:155,0
DA:156,0
DA:168,0
DA:170,0
DA:172,0
DA:175,0
DA:181,0
DA:191,0
DA:193,0
DA:196,0
DA:203,0
DA:204,0
DA:215,0
DA:216,0
DA:217,0
DA:219,0
DA:227,0
DA:229,0
DA:235,0
DA:430,0
DA:431,0
DA:475,0
DA:516,0
DA:526,0
LF:85
LH:0
BRDA:46,0,0,0
BRDA:46,0,1,0
BRDA:47,1,0,0
BRDA:47,1,1,0
BRDA:53,2,0,0
BRDA:53,2,1,0
BRDA:53,3,0,0
BRDA:53,3,1,0
BRDA:60,4,0,0
BRDA:60,4,1,0
BRDA:60,5,0,0
BRDA:60,5,1,0
BRDA:66,6,0,0
BRDA:66,6,1,0
BRDA:66,7,0,0
BRDA:66,7,1,0
BRDA:89,8,0,0
BRDA:89,8,1,0
BRDA:93,9,0,0
BRDA:93,9,1,0
BRDA:93,10,0,0
BRDA:93,10,1,0
BRDA:95,11,0,0
BRDA:95,11,1,0
BRDA:100,12,0,0
BRDA:100,12,1,0
BRDA:100,13,0,0
BRDA:100,13,1,0
BRDA:102,14,0,0
BRDA:102,14,1,0
BRDA:102,15,0,0
BRDA:102,15,1,0
BRDA:103,16,0,0
BRDA:103,16,1,0
BRDA:108,17,0,0
BRDA:108,17,1,0
BRDA:108,18,0,0
BRDA:108,18,1,0
BRDA:110,19,0,0
BRDA:110,19,1,0
BRDA:110,20,0,0
BRDA:110,20,1,0
BRDA:112,21,0,0
BRDA:112,21,1,0
BRDA:113,22,0,0
BRDA:113,22,1,0
BRDA:128,23,0,0
BRDA:128,23,1,0
BRDA:128,24,0,0
BRDA:128,24,1,0
BRDA:128,24,2,0
BRDA:175,25,0,0
BRDA:175,25,1,0
BRDA:179,26,0,0
BRDA:179,26,1,0
BRDA:181,27,0,0
BRDA:181,27,1,0
BRDA:185,28,0,0
BRDA:185,28,1,0
BRDA:265,29,0,0
BRDA:265,29,1,0
BRDA:288,30,0,0
BRDA:288,30,1,0
BRDA:403,31,0,0
BRDA:403,31,1,0
BRDA:428,32,0,0
BRDA:428,32,1,0
BRDA:428,33,0,0
BRDA:428,33,1,0
BRDA:430,34,0,0
BRDA:430,34,1,0
BRDA:454,35,0,0
BRDA:454,35,1,0
BRDA:483,36,0,0
BRDA:483,36,1,0
BRDA:488,37,0,0
BRDA:488,37,1,0
BRDA:496,38,0,0
BRDA:496,38,1,0
BRDA:516,39,0,0
BRDA:516,39,1,0
BRDA:525,40,0,0
BRDA:525,40,1,0
BRDA:526,41,0,0
BRDA:526,41,1,0
BRF:85
BRH:0
end_of_record
TN:
SF:app/(tabs)/_layout.tsx
FN:12,TabLayout
FN:44,(anonymous_1)
FN:57,(anonymous_2)
FN:70,(anonymous_3)
FNF:4
FNH:0
FNDA:0,TabLayout
FNDA:0,(anonymous_1)
FNDA:0,(anonymous_2)
FNDA:0,(anonymous_3)
DA:13,0
DA:14,0
DA:16,0
DA:45,0
DA:58,0
DA:71,0
LF:6
LH:0
BRDA:20,0,0,0
BRDA:20,0,1,0
BRDA:21,1,0,0
BRDA:21,1,1,0
BRDA:36,2,0,0
BRDA:36,2,1,0
BRDA:44,3,0,0
BRDA:57,4,0,0
BRDA:70,5,0,0
BRF:9
BRH:0
end_of_record
TN:
SF:app/(tabs)/activity.tsx
FN:38,ActivityScreen
FN:55,(anonymous_1)
FN:67,(anonymous_2)
FN:71,(anonymous_3)
FN:77,(anonymous_4)
FN:78,(anonymous_5)
FN:80,(anonymous_6)
FN:88,(anonymous_7)
FN:92,(anonymous_8)
FN:96,(anonymous_9)
FN:97,(anonymous_10)
FN:100,(anonymous_11)
FN:103,(anonymous_12)
FN:121,(anonymous_13)
FN:130,(anonymous_14)
FN:142,(anonymous_15)
FN:144,(anonymous_16)
FN:147,(anonymous_17)
FN:153,(anonymous_18)
FN:177,(anonymous_19)
FN:178,(anonymous_20)
FN:180,(anonymous_21)
FN:222,(anonymous_22)
FN:242,(anonymous_23)
FN:262,(anonymous_24)
FN:308,(anonymous_25)
FN:311,(anonymous_26)
FN:341,(anonymous_27)
FN:362,(anonymous_28)
FNF:29
FNH:0
FNDA:0,ActivityScreen
FNDA:0,(anonymous_1)
FNDA:0,(anonymous_2)
FNDA:0,(anonymous_3)
FNDA:0,(anonymous_4)
FNDA:0,(anonymous_5)
FNDA:0,(anonymous_6)
FNDA:0,(anonymous_7)
FNDA:0,(anonymous_8)
FNDA:0,(anonymous_9)
FNDA:0,(anonymous_10)
FNDA:0,(anonymous_11)
FNDA:0,(anonymous_12)
FNDA:0,(anonymous_13)
FNDA:0,(anonymous_14)
FNDA:0,(anonymous_15)
FNDA:0,(anonymous_16)
FNDA:0,(anonymous_17)
FNDA:0,(anonymous_18)
FNDA:0,(anonymous_19)
FNDA:0,(anonymous_20)
FNDA:0,(anonymous_21)
FNDA:0,(anonymous_22)
FNDA:0,(anonymous_23)
FNDA:0,(anonymous_24)
FNDA:0,(anonymous_25)
FNDA:0,(anonymous_26)
FNDA:0,(anonymous_27)
FNDA:0,(anonymous_28)
DA:32,0
DA:39,0
DA:41,0
DA:42,0
DA:43,0
DA:46,0
DA:47,0
DA:48,0
DA:49,0
DA:52,0
DA:55,0
DA:57,0
DA:61,0
DA:62,0
DA:63,0
DA:67,0
DA:68,0
DA:71,0
DA:73,0
DA:74,0
DA:77,0
DA:78,0
DA:80,0
DA:81,0
DA:85,0
DA:88,0
DA:89,0
DA:92,0
DA:93,0
DA:96,0
DA:97,0
DA:100,0
DA:101,0
DA:103,0
DA:105,0
DA:106,0
DA:108,0
DA:109,0
DA:111,0
DA:112,0
DA:114,0
DA:117,0
DA:121,0
DA:123,0
DA:130,0
DA:131,0
DA:144,0
DA:147,0
DA:153,0
DA:162,0
DA:165,0
DA:177,0
DA:178,0
DA:180,0
DA:184,0
DA:190,0
DA:192,0
DA:222,0
DA:242,0
DA:262,0
DA:309,0
DA:311,0
DA:342,0
DA:343,0
DA:363,0
LF:65
LH:0
BRDA:61,0,0,0
BRDA:61,0,1,0
BRDA:61,1,0,0
BRDA:61,1,1,0
BRDA:89,2,0,0
BRDA:89,2,1,0
BRDA:101,3,0,0
BRDA:101,3,1,0
BRDA:111,4,0,0
BRDA:111,4,1,0
BRDA:112,5,0,0
BRDA:112,5,1,0
BRDA:181,6,0,0
BRDA:181,6,1,0
BRDA:256,7,0,0
BRDA:256,7,1,0
BRDA:256,7,2,0
BRDA:278,8,0,0
BRDA:278,8,1,0
BRDA:296,9,0,0
BRDA:296,9,1,0
BRDA:296,9,2,0
BRDA:310,10,0,0
BRDA:310,10,1,0
BRDA:375,11,0,0
BRDA:375,11,1,0
BRDA:385,12,0,0
BRDA:385,12,1,0
BRDA:391,13,0,0
BRDA:391,13,1,0
BRF:30
BRH:0
end_of_record
TN:
SF:app/(tabs)/index.tsx
FN:38,HomeScreen
FN:80,(anonymous_1)
FN:95,(anonymous_2)
FN:111,(anonymous_3)
FN:130,(anonymous_4)
FN:135,(anonymous_5)
FN:147,(anonymous_6)
FN:202,(anonymous_7)
FN:216,(anonymous_8)
FN:227,(anonymous_9)
FN:242,(anonymous_10)
FN:254,(anonymous_11)
FN:263,(anonymous_12)
FN:294,(anonymous_13)
FN:318,(anonymous_14)
FN:338,(anonymous_15)
FN:339,(anonymous_16)
FN:353,(anonymous_17)
FN:517,(anonymous_18)
FN:554,(anonymous_19)
FN:561,(anonymous_20)
FN:600,(anonymous_21)
FNF:22
FNH:0
FNDA:0,HomeScreen
FNDA:0,(anonymous_1)
FNDA:0,(anonymous_2)
FNDA:0,(anonymous_3)
FNDA:0,(anonymous_4)
FNDA:0,(anonymous_5)
FNDA:0,(anonymous_6)
FNDA:0,(anonymous_7)
FNDA:0,(anonymous_8)
FNDA:0,(anonymous_9)
FNDA:0,(anonymous_10)
FNDA:0,(anonymous_11)
FNDA:0,(anonymous_12)
FNDA:0,(anonymous_13)
FNDA:0,(anonymous_14)
FNDA:0,(anonymous_15)
FNDA:0,(anonymous_16)
FNDA:0,(anonymous_17)
FNDA:0,(anonymous_18)
FNDA:0,(anonymous_19)
FNDA:0,(anonymous_20)
FNDA:0,(anonymous_21)
DA:39,0
DA:40,0
DA:41,0
DA:42,0
DA:45,0
DA:57,0
DA:60,0
DA:61,0
DA:62,0
DA:65,0
DA:66,0
DA:67,0
DA:68,0
DA:69,0
DA:70,0
DA:71,0
DA:72,0
DA:73,0
DA:76,0
DA:77,0
DA:80,0
DA:81,0
DA:82,0
DA:83,0
DA:85,0
DA:86,0
DA:88,0
DA:90,0
DA:95,0
DA:97,0
DA:98,0
DA:99,0
DA:102,0
DA:103,0
DA:106,0
DA:107,0
DA:111,0
DA:112,0
DA:116,0
DA:117,0
DA:118,0
DA:123,0
DA:125,0
DA:126,0
DA:130,0
DA:131,0
DA:136,0
DA:147,0
DA:148,0
DA:149,0
DA:152,0
DA:153,0
DA:155,0
DA:156,0
DA:161,0
DA:162,0
DA:165,0
DA:168,0
DA:174,0
DA:176,0
DA:177,0
DA:179,0
DA:186,0
DA:193,0
DA:197,0
DA:198,0
DA:202,0
DA:203,0
DA:205,0
DA:217,0
DA:218,0
DA:219,0
DA:227,0
DA:228,0
DA:229,0
DA:234,0
DA:237,0
DA:238,0
DA:242,0
DA:243,0
DA:244,0
DA:246,0
DA:247,0
DA:255,0
DA:256,0
DA:257,0
DA:258,0
DA:264,0
DA:265,0
DA:272,0
DA:274,0
DA:275,0
DA:282,0
DA:286,0
DA:287,0
DA:290,0
DA:291,0
DA:294,0
DA:295,0
DA:297,0
DA:302,0
DA:304,0
DA:305,0
DA:306,0
DA:308,0
DA:315,0
DA:316,0
DA:318,0
DA:319,0
DA:320,0
DA:324,0
DA:329,0
DA:332,0
DA:338,0
DA:339,0
DA:340,0
DA:341,0
DA:343,0
DA:344,0
DA:346,0
DA:347,0
DA:353,0
DA:354,0
DA:355,0
DA:360,0
DA:361,0
DA:364,0
DA:365,0
DA:367,0
DA:517,0
DA:554,0
DA:555,0
DA:556,0
DA:557,0
DA:558,0
DA:561,0
DA:563,0
DA:572,0
DA:598,0
DA:600,0
DA:601,0
DA:605,0
DA:617,0
DA:629,0
LF:144
LH:0
BRDA:65,0,0,0
BRDA:65,0,1,0
BRDA:81,1,0,0
BRDA:81,1,1,0
BRDA:81,2,0,0
BRDA:81,2,1,0
BRDA:82,3,0,0
BRDA:82,3,1,0
BRDA:83,4,0,0
BRDA:83,4,1,0
BRDA:88,5,0,0
BRDA:88,5,1,0
BRDA:90,6,0,0
BRDA:90,6,1,0
BRDA:97,7,0,0
BRDA:97,7,1,0
BRDA:102,8,0,0
BRDA:102,8,1,0
BRDA:106,9,0,0
BRDA:106,9,1,0
BRDA:117,10,0,0
BRDA:117,10,1,0
BRDA:123,11,0,0
BRDA:123,11,1,0
BRDA:123,12,0,0
BRDA:123,12,1,0
BRDA:125,13,0,0
BRDA:125,13,1,0
BRDA:152,14,0,0
BRDA:152,14,1,0
BRDA:152,15,0,0
BRDA:152,15,1,0
BRDA:152,15,2,0
BRDA:157,16,0,0
BRDA:157,16,1,0
BRDA:168,17,0,0
BRDA:168,17,1,0
BRDA:168,17,2,0
BRDA:168,17,3,0
BRDA:174,18,0,0
BRDA:174,18,1,0
BRDA:174,19,0,0
BRDA:174,19,1,0
BRDA:177,20,0,0
BRDA:177,20,1,0
BRDA:228,21,0,0
BRDA:228,21,1,0
BRDA:246,22,0,0
BRDA:246,22,1,0
BRDA:274,23,0,0
BRDA:274,23,1,0
BRDA:340,24,0,0
BRDA:340,24,1,0
BRDA:343,25,0,0
BRDA:343,25,1,0
BRDA:346,26,0,0
BRDA:346,26,1,0
BRDA:354,27,0,0
BRDA:354,27,1,0
BRDA:360,28,0,0
BRDA:360,28,1,0
BRDA:364,29,0,0
BRDA:364,29,1,0
BRDA:365,30,0,0
BRDA:365,30,1,0
BRDA:371,31,0,0
BRDA:371,31,1,0
BRDA:383,32,0,0
BRDA:383,32,1,0
BRDA:383,32,2,0
BRDA:414,33,0,0
BRDA:414,33,1,0
BRDA:439,34,0,0
BRDA:439,34,1,0
BRDA:453,35,0,0
BRDA:453,35,1,0
BRDA:458,36,0,0
BRDA:458,36,1,0
BRDA:475,37,0,0
BRDA:475,37,1,0
BRDA:479,38,0,0
BRDA:479,38,1,0
BRDA:483,39,0,0
BRDA:483,39,1,0
BRDA:505,40,0,0
BRDA:505,40,1,0
BRF:86
BRH:0
end_of_record
TN:
SF:app/(tabs)/profile.tsx
FN:35,ProfileScreen
FN:63,(anonymous_1)
FN:69,(anonymous_2)
FN:83,(anonymous_3)
FN:95,(anonymous_4)
FN:108,(anonymous_5)
FN:127,(anonymous_6)
FN:139,(anonymous_7)
FN:141,(anonymous_8)
FN:158,(anonymous_9)
FN:183,(anonymous_10)
FN:200,(anonymous_11)
FN:205,(anonymous_12)
FN:230,(anonymous_13)
FN:235,(anonymous_14)
FN:240,(anonymous_15)
FN:245,(anonymous_16)
FN:255,(anonymous_17)
FN:406,(anonymous_18)
FN:423,(anonymous_19)
FN:466,(anonymous_20)
FN:481,(anonymous_21)
FN:506,(anonymous_22)
FNF:23
FNH:0
FNDA:0,ProfileScreen
FNDA:0,(anonymous_1)
FNDA:0,(anonymous_2)
FNDA:0,(anonymous_3)
FNDA:0,(anonymous_4)
FNDA:0,(anonymous_5)
FNDA:0,(anonymous_6)
FNDA:0,(anonymous_7)
FNDA:0,(anonymous_8)
FNDA:0,(anonymous_9)
FNDA:0,(anonymous_10)
FNDA:0,(anonymous_11)
FNDA:0,(anonymous_12)
FNDA:0,(anonymous_13)
FNDA:0,(anonymous_14)
FNDA:0,(anonymous_15)
FNDA:0,(anonymous_16)
FNDA:0,(anonymous_17)
FNDA:0,(anonymous_18)
FNDA:0,(anonymous_19)
FNDA:0,(anonymous_20)
FNDA:0,(anonymous_21)
FNDA:0,(anonymous_22)
DA:36,0
DA:44,0
DA:46,0
DA:47,0
DA:54,0
DA:56,0
DA:57,0
DA:60,0
DA:63,0
DA:64,0
DA:65,0
DA:66,0
DA:69,0
DA:70,0
DA:71,0
DA:72,0
DA:74,0
DA:75,0
DA:77,0
DA:79,0
DA:83,0
DA:84,0
DA:97,0
DA:111,0
DA:112,0
DA:127,0
DA:128,0
DA:140,0
DA:142,0
DA:144,0
DA:145,0
DA:158,0
DA:159,0
DA:161,0
DA:162,0
DA:167,0
DA:171,0
DA:174,0
DA:175,0
DA:184,0
DA:186,0
DA:187,0
DA:189,0
DA:200,0
DA:202,0
DA:205,0
DA:207,0
DA:209,0
DA:210,0
DA:212,0
DA:213,0
DA:215,0
DA:216,0
DA:218,0
DA:219,0
DA:221,0
DA:226,0
DA:230,0
DA:235,0
DA:240,0
DA:245,0
DA:249,0
DA:255,0
DA:406,0
DA:423,0
DA:468,0
DA:471,0
DA:472,0
DA:473,0
DA:482,0
DA:507,0
LF:71
LH:0
BRDA:64,0,0,0
BRDA:64,0,1,0
BRDA:65,1,0,0
BRDA:65,1,1,0
BRDA:66,2,0,0
BRDA:66,2,1,0
BRDA:66,2,2,0
BRDA:70,3,0,0
BRDA:70,3,1,0
BRDA:71,4,0,0
BRDA:71,4,1,0
BRDA:72,5,0,0
BRDA:72,5,1,0
BRDA:74,6,0,0
BRDA:74,6,1,0
BRDA:74,7,0,0
BRDA:74,7,1,0
BRDA:74,7,2,0
BRDA:79,8,0,0
BRDA:79,8,1,0
BRDA:159,9,0,0
BRDA:159,9,1,0
BRDA:161,10,0,0
BRDA:161,10,1,0
BRDA:174,11,0,0
BRDA:174,11,1,0
BRDA:186,12,0,0
BRDA:186,12,1,0
BRDA:207,13,0,0
BRDA:207,13,1,0
BRDA:207,13,2,0
BRDA:207,13,3,0
BRDA:207,13,4,0
BRDA:275,14,0,0
BRDA:275,14,1,0
BRDA:281,15,0,0
BRDA:281,15,1,0
BRDA:286,16,0,0
BRDA:286,16,1,0
BRDA:302,17,0,0
BRDA:302,17,1,0
BRDA:327,18,0,0
BRDA:327,18,1,0
BRDA:329,19,0,0
BRDA:329,19,1,0
BRDA:334,20,0,0
BRDA:334,20,1,0
BRDA:337,21,0,0
BRDA:337,21,1,0
BRDA:339,22,0,0
BRDA:339,22,1,0
BRDA:341,23,0,0
BRDA:341,23,1,0
BRDA:342,24,0,0
BRDA:342,24,1,0
BRDA:342,25,0,0
BRDA:342,25,1,0
BRDA:342,25,2,0
BRDA:365,26,0,0
BRDA:365,26,1,0
BRDA:368,27,0,0
BRDA:368,27,1,0
BRDA:368,27,2,0
BRDA:374,28,0,0
BRDA:374,28,1,0
BRDA:378,29,0,0
BRDA:378,29,1,0
BRDA:386,30,0,0
BRDA:386,30,1,0
BRDA:386,31,0,0
BRDA:386,31,1,0
BRDA:388,32,0,0
BRDA:388,32,1,0
BRDA:408,33,0,0
BRDA:408,33,1,0
BRDA:415,34,0,0
BRDA:415,34,1,0
BRDA:425,35,0,0
BRDA:425,35,1,0
BRDA:432,36,0,0
BRDA:432,36,1,0
BRDA:449,37,0,0
BRDA:449,37,1,0
BRDA:449,37,2,0
BRDA:455,38,0,0
BRDA:455,38,1,0
BRDA:462,39,0,0
BRDA:462,39,1,0
BRDA:471,40,0,0
BRDA:471,40,1,0
BRDA:472,41,0,0
BRDA:472,41,1,0
BRDA:492,42,0,0
BRDA:492,42,1,0
BRDA:492,43,0,0
BRDA:492,43,1,0
BRDA:497,44,0,0
BRDA:497,44,1,0
BRDA:527,45,0,0
BRDA:527,45,1,0
BRDA:534,46,0,0
BRDA:534,46,1,0
BRDA:541,47,0,0
BRDA:541,47,1,0
BRDA:548,48,0,0
BRDA:548,48,1,0
BRF:106
BRH:0
end_of_record
TN:
SF:components/AuthControls.tsx
FN:28,AuthControls
FN:37,(anonymous_1)
FN:51,(anonymous_2)
FN:95,(anonymous_3)
FN:100,(anonymous_4)
FNF:5
FNH:0
FNDA:0,AuthControls
FNDA:0,(anonymous_1)
FNDA:0,(anonymous_2)
FNDA:0,(anonymous_3)
FNDA:0,(anonymous_4)
DA:32,0
DA:33,0
DA:34,0
DA:35,0
DA:37,0
DA:38,0
DA:40,0
DA:52,0
DA:54,0
DA:56,0
DA:58,0
DA:60,0
DA:62,0
DA:64,0
DA:67,0
DA:70,0
DA:77,0
DA:78,0
DA:84,0
DA:91,0
DA:95,0
DA:96,0
DA:97,0
DA:100,0
DA:101,0
DA:103,0
DA:111,0
DA:113,0
DA:115,0
DA:149,0
LF:30
LH:0
BRDA:29,0,0,0
BRDA:58,1,0,0
BRDA:58,1,1,0
BRDA:62,2,0,0
BRDA:62,2,1,0
BRDA:104,3,0,0
BRDA:104,3,1,0
BRDA:104,4,0,0
BRDA:104,4,1,0
BRDA:105,5,0,0
BRDA:105,5,1,0
BRDA:105,6,0,0
BRDA:105,6,1,0
BRDA:106,7,0,0
BRDA:106,7,1,0
BRDA:106,8,0,0
BRDA:106,8,1,0
BRDA:113,9,0,0
BRDA:113,9,1,0
BRDA:130,10,0,0
BRDA:130,10,1,0
BRDA:164,11,0,0
BRDA:164,11,1,0
BRDA:174,12,0,0
BRDA:174,12,1,0
BRDA:181,13,0,0
BRDA:181,13,1,0
BRDA:195,14,0,0
BRDA:195,14,1,0
BRDA:209,15,0,0
BRDA:209,15,1,0
BRDA:228,16,0,0
BRDA:228,16,1,0
BRDA:238,17,0,0
BRDA:238,17,1,0
BRDA:245,18,0,0
BRDA:245,18,1,0
BRDA:249,19,0,0
BRDA:249,19,1,0
BRF:39
BRH:0
end_of_record
TN:
SF:components/Collapsible.tsx
FN:10,Collapsible
FN:18,(anonymous_1)
FN:18,(anonymous_2)
FNF:3
FNH:0
FNDA:0,Collapsible
FNDA:0,(anonymous_1)
FNDA:0,(anonymous_2)
DA:11,0
DA:12,0
DA:14,0
DA:18,0
DA:35,0
LF:5
LH:0
BRDA:12,0,0,0
BRDA:12,0,1,0
BRDA:24,1,0,0
BRDA:24,1,1,0
BRDA:25,2,0,0
BRDA:25,2,1,0
BRDA:30,3,0,0
BRDA:30,3,1,0
BRF:8
BRH:0
end_of_record
TN:
SF:components/ExerciseLogCard.tsx
FN:18,ExerciseIcon
FN:27,EditIcon
FN:38,TopBar
FN:45,(anonymous_3)
FN:73,Divider
FN:80,DataTable
FN:117,(anonymous_6)
FN:147,ExerciseLogCard
FN:150,(anonymous_8)
FNF:9
FNH:0
FNDA:0,ExerciseIcon
FNDA:0,EditIcon
FNDA:0,TopBar
FNDA:0,(anonymous_3)
FNDA:0,Divider
FNDA:0,DataTable
FNDA:0,(anonymous_6)
FNDA:0,ExerciseLogCard
FNDA:0,(anonymous_8)
DA:19,0
DA:28,0
DA:45,0
DA:46,0
DA:47,0
DA:50,0
DA:74,0
DA:81,0
DA:82,0
DA:85,0
DA:86,0
DA:89,0
DA:118,0
DA:148,0
DA:150,0
DA:152,0
DA:153,0
DA:162,0
LF:18
LH:0
BRDA:173,0,0,0
BRDA:173,0,1,0
BRF:2
BRH:0
end_of_record
TN:
SF:components/ExternalLink.tsx
FN:8,ExternalLink
FN:14,(anonymous_1)
FNF:2
FNH:0
FNDA:0,ExternalLink
FNDA:0,(anonymous_1)
DA:9,0
DA:15,0
DA:17,0
DA:19,0
LF:4
LH:0
BRDA:15,0,0,0
BRDA:15,0,1,0
BRF:2
BRH:0
end_of_record
TN:
SF:components/GuestModeWarning.tsx
FN:29,GuestModeWarning
FN:39,(anonymous_1)
FN:44,(anonymous_2)
FN:167,GuestWarningBanner
FN:172,(anonymous_4)
FN:177,(anonymous_5)
FNF:6
FNH:0
FNDA:0,GuestModeWarning
FNDA:0,(anonymous_1)
FNDA:0,(anonymous_2)
FNDA:0,GuestWarningBanner
FNDA:0,(anonymous_4)
FNDA:0,(anonymous_5)
DA:37,0
DA:39,0
DA:40,0
DA:41,0
DA:44,0
DA:45,0
DA:46,0
DA:49,0
DA:172,0
DA:173,0
DA:174,0
DA:177,0
DA:178,0
DA:179,0
DA:180,0
DA:184,0
LF:16
LH:0
BRDA:33,0,0,0
BRDA:34,1,0,0
BRDA:35,2,0,0
BRDA:129,3,0,0
BRDA:129,3,1,0
BRDA:170,4,0,0
BRDA:178,5,0,0
BRDA:178,5,1,0
BRDA:208,6,0,0
BRDA:208,6,1,0
BRF:10
BRH:0
end_of_record
TN:
SF:components/HapticTab.tsx
FN:6,HapticTab
FN:10,(anonymous_1)
FNF:2
FNH:0
FNDA:0,HapticTab
FNDA:0,(anonymous_1)
DA:7,0
DA:12,0
DA:13,0
DA:14,0
DA:15,0
DA:17,0
LF:6
LH:0
BRDA:12,0,0,0
BRDA:12,0,1,0
BRDA:14,1,0,0
BRDA:14,1,1,0
BRF:4
BRH:0
end_of_record
TN:
SF:components/HelloWave.tsx
FN:13,HelloWave
FN:16,(anonymous_1)
FN:23,(anonymous_2)
FNF:3
FNH:0
FNDA:0,HelloWave
FNDA:0,(anonymous_1)
FNDA:0,(anonymous_2)
DA:14,0
DA:16,0
DA:17,0
DA:23,0
DA:27,0
DA:34,0
LF:6
LH:0
BRF:0
BRH:0
end_of_record
TN:
SF:components/NativeWindTest.tsx
FN:4,NativeWindTest
FNF:1
FNH:0
FNDA:0,NativeWindTest
DA:5,0
LF:1
LH:0
BRF:0
BRH:0
end_of_record
TN:
SF:components/ParallaxScrollView.tsx
FN:21,ParallaxScrollView
FN:30,(anonymous_1)
FNF:2
FNH:0
FNDA:0,ParallaxScrollView
FNDA:0,(anonymous_1)
DA:14,0
DA:26,0
DA:27,0
DA:28,0
DA:29,0
DA:30,0
DA:31,0
DA:47,0
DA:68,0
LF:9
LH:0
BRDA:26,0,0,0
BRDA:26,0,1,0
BRF:2
BRH:0
end_of_record
TN:
SF:components/StateDemo.tsx
FN:13,StateDemo
FN:22,(anonymous_1)
FN:38,(anonymous_2)
FN:45,(anonymous_3)
FN:58,(anonymous_4)
FN:69,(anonymous_5)
FN:85,(anonymous_6)
FN:92,(anonymous_7)
FN:105,(anonymous_8)
FN:121,(anonymous_9)
FN:128,(anonymous_10)
FN:135,(anonymous_11)
FN:146,(anonymous_12)
FN:157,(anonymous_13)
FN:164,(anonymous_14)
FN:171,(anonymous_15)
FN:183,(anonymous_16)
FN:187,(anonymous_17)
FNF:18
FNH:0
FNDA:0,StateDemo
FNDA:0,(anonymous_1)
FNDA:0,(anonymous_2)
FNDA:0,(anonymous_3)
FNDA:0,(anonymous_4)
FNDA:0,(anonymous_5)
FNDA:0,(anonymous_6)
FNDA:0,(anonymous_7)
FNDA:0,(anonymous_8)
FNDA:0,(anonymous_9)
FNDA:0,(anonymous_10)
FNDA:0,(anonymous_11)
FNDA:0,(anonymous_12)
FNDA:0,(anonymous_13)
FNDA:0,(anonymous_14)
FNDA:0,(anonymous_15)
FNDA:0,(anonymous_16)
FNDA:0,(anonymous_17)
DA:14,0
DA:17,0
DA:18,0
DA:19,0
DA:20,0
DA:22,0
DA:23,0
DA:38,0
DA:46,0
DA:50,0
DA:58,0
DA:69,0
DA:70,0
DA:85,0
DA:92,0
DA:105,0
DA:106,0
DA:121,0
DA:128,0
DA:135,0
DA:146,0
DA:147,0
DA:157,0
DA:164,0
DA:171,0
DA:178,0
DA:184,0
DA:187,0
DA:204,0
LF:29
LH:0
BRDA:27,0,0,0
BRDA:27,0,1,0
BRDA:63,1,0,0
BRDA:63,1,1,0
BRDA:75,2,0,0
BRDA:75,2,1,0
BRDA:79,3,0,0
BRDA:79,3,1,0
BRDA:80,4,0,0
BRDA:80,4,1,0
BRDA:85,5,0,0
BRDA:85,5,1,0
BRDA:92,6,0,0
BRDA:92,6,1,0
BRDA:95,7,0,0
BRDA:95,7,1,0
BRDA:99,8,0,0
BRDA:99,8,1,0
BRDA:140,9,0,0
BRDA:140,9,1,0
BRDA:152,10,0,0
BRDA:152,10,1,0
BRDA:186,11,0,0
BRDA:186,11,1,0
BRDA:189,12,0,0
BRDA:189,12,1,0
BRDA:196,13,0,0
BRDA:196,13,1,0
BRDA:197,14,0,0
BRDA:197,14,1,0
BRDA:198,15,0,0
BRDA:198,15,1,0
BRDA:199,16,0,0
BRDA:199,16,1,0
BRF:34
BRH:0
end_of_record
TN:
SF:components/StoreProvider.tsx
FN:19,StoreProvider
FN:20,(anonymous_1)
FN:21,(anonymous_2)
FN:22,(anonymous_3)
FN:23,(anonymous_4)
FN:24,(anonymous_5)
FN:27,(anonymous_6)
FN:28,(anonymous_7)
FN:31,(anonymous_8)
FN:32,(anonymous_9)
FN:43,(anonymous_10)
FN:45,(anonymous_11)
FN:60,(anonymous_12)
FN:71,useStoreInitialization
FN:72,(anonymous_14)
FN:73,(anonymous_15)
FN:74,(anonymous_16)
FN:79,(anonymous_17)
FN:80,(anonymous_18)
FN:81,(anonymous_19)
FN:95,StoreLoadingScreen
FNF:21
FNH:0
FNDA:0,StoreProvider
FNDA:0,(anonymous_1)
FNDA:0,(anonymous_2)
FNDA:0,(anonymous_3)
FNDA:0,(anonymous_4)
FNDA:0,(anonymous_5)
FNDA:0,(anonymous_6)
FNDA:0,(anonymous_7)
FNDA:0,(anonymous_8)
FNDA:0,(anonymous_9)
FNDA:0,(anonymous_10)
FNDA:0,(anonymous_11)
FNDA:0,(anonymous_12)
FNDA:0,useStoreInitialization
FNDA:0,(anonymous_14)
FNDA:0,(anonymous_15)
FNDA:0,(anonymous_16)
FNDA:0,(anonymous_17)
FNDA:0,(anonymous_18)
FNDA:0,(anonymous_19)
FNDA:0,StoreLoadingScreen
DA:20,0
DA:21,0
DA:22,0
DA:23,0
DA:24,0
DA:27,0
DA:28,0
DA:31,0
DA:32,0
DA:33,0
DA:34,0
DA:37,0
DA:44,0
DA:46,0
DA:51,0
DA:56,0
DA:60,0
DA:61,0
DA:62,0
DA:65,0
DA:72,0
DA:73,0
DA:74,0
DA:78,0
DA:79,0
DA:80,0
DA:81,0
DA:83,0
DA:96,0
DA:98,0
LF:30
LH:0
BRDA:38,0,0,0
BRDA:38,0,1,0
BRDA:39,1,0,0
BRDA:39,1,1,0
BRDA:40,2,0,0
BRDA:40,2,1,0
BRDA:41,3,0,0
BRDA:41,3,1,0
BRDA:42,4,0,0
BRDA:42,4,1,0
BRDA:79,5,0,0
BRDA:79,5,1,0
BRDA:79,5,2,0
BRF:13
BRH:0
end_of_record
TN:
SF:components/TabGestureHandler.tsx
FN:24,TabBarGestureHandler
FN:29,(anonymous_1)
FN:59,(anonymous_2)
FN:61,(anonymous_3)
FN:69,(anonymous_4)
FN:76,(anonymous_5)
FN:81,(anonymous_6)
FN:100,(anonymous_7)
FNF:8
FNH:0
FNDA:0,TabBarGestureHandler
FNDA:0,(anonymous_1)
FNDA:0,(anonymous_2)
FNDA:0,(anonymous_3)
FNDA:0,(anonymous_4)
FNDA:0,(anonymous_5)
FNDA:0,(anonymous_6)
FNDA:0,(anonymous_7)
DA:17,0
DA:18,0
DA:19,0
DA:22,0
DA:25,0
DA:26,0
DA:29,0
DA:30,0
DA:33,0
DA:35,0
DA:38,0
DA:41,0
DA:42,0
DA:45,0
DA:48,0
DA:49,0
DA:50,0
DA:53,0
DA:58,0
DA:59,0
DA:63,0
DA:64,0
DA:66,0
DA:71,0
DA:72,0
DA:82,0
DA:85,0
DA:86,0
DA:87,0
DA:89,0
DA:90,0
DA:92,0
DA:95,0
DA:105,0
DA:117,0
LF:35
LH:0
BRDA:33,0,0,0
BRDA:33,0,1,0
BRDA:41,1,0,0
BRDA:41,1,1,0
BRDA:66,2,0,0
BRDA:66,2,1,0
BRDA:71,3,0,0
BRDA:71,3,1,0
BRDA:87,4,0,0
BRDA:87,4,1,0
BRDA:89,5,0,0
BRDA:89,5,1,0
BRDA:90,6,0,0
BRDA:90,6,1,0
BRF:14
BRH:0
end_of_record
TN:
SF:components/ThemedText.tsx
FN:11,ThemedText
FNF:1
FNH:0
FNDA:0,ThemedText
DA:18,0
DA:20,0
DA:36,0
LF:3
LH:0
BRDA:15,0,0,0
BRDA:24,1,0,0
BRDA:24,1,1,0
BRDA:25,2,0,0
BRDA:25,2,1,0
BRDA:26,3,0,0
BRDA:26,3,1,0
BRDA:27,4,0,0
BRDA:27,4,1,0
BRDA:28,5,0,0
BRDA:28,5,1,0
BRF:11
BRH:0
end_of_record
TN:
SF:components/ThemedView.tsx
FN:10,ThemedView
FNF:1
FNH:0
FNDA:0,ThemedView
DA:11,0
DA:13,0
LF:2
LH:0
BRF:0
BRH:0
end_of_record
TN:
SF:components/TodaysLog.tsx
FN:16,TodaysLog
FN:44,(anonymous_1)
FNF:2
FNH:0
FNDA:0,TodaysLog
FNDA:0,(anonymous_1)
DA:17,0
DA:20,0
DA:22,0
DA:45,0
LF:4
LH:0
BRDA:20,0,0,0
BRDA:20,0,1,0
BRDA:20,0,2,0
BRDA:32,1,0,0
BRDA:32,1,1,0
BRF:5
BRH:0
end_of_record
TN:
SF:components/compat/ThemeProvider.tsx
FN:28,ThemeProvider
FN:38,useTheme
FN:39,(anonymous_2)
FN:40,(anonymous_3)
FNF:4
FNH:0
FNDA:0,ThemeProvider
FNDA:0,useTheme
FNDA:0,(anonymous_2)
FNDA:0,(anonymous_3)
DA:17,0
DA:31,0
DA:39,0
DA:40,0
DA:42,0
LF:5
LH:0
BRF:0
BRH:0
end_of_record
TN:
SF:components/compat/WeightUnitProvider.tsx
FN:29,WeightUnitProvider
FN:39,useWeightUnit
FN:40,(anonymous_2)
FN:41,(anonymous_3)
FN:42,(anonymous_4)
FN:43,(anonymous_5)
FNF:6
FNH:0
FNDA:0,WeightUnitProvider
FNDA:0,useWeightUnit
FNDA:0,(anonymous_2)
FNDA:0,(anonymous_3)
FNDA:0,(anonymous_4)
FNDA:0,(anonymous_5)
DA:18,0
DA:32,0
DA:40,0
DA:41,0
DA:42,0
DA:43,0
DA:45,0
LF:7
LH:0
BRF:0
BRH:0
end_of_record
TN:
SF:components/ui/IconSymbol.ios.tsx
FN:4,IconSymbol
FNF:1
FNH:0
FNDA:0,IconSymbol
DA:17,0
LF:1
LH:0
BRDA:6,0,0,0
BRDA:9,1,0,0
BRF:2
BRH:0
end_of_record
TN:
SF:components/ui/IconSymbol.tsx
FN:31,IconSymbol
FNF:1
FNH:0
FNDA:0,IconSymbol
DA:16,0
DA:43,0
LF:2
LH:0
BRDA:33,0,0,0
BRF:1
BRH:0
end_of_record
TN:
SF:components/ui/TabBarBackground.ios.tsx
FN:5,BlurTabBarBackground
FN:17,useBottomTabOverflow
FNF:2
FNH:0
FNDA:0,BlurTabBarBackground
FNDA:0,useBottomTabOverflow
DA:6,0
DA:18,0
LF:2
LH:0
BRF:0
BRH:0
end_of_record
TN:
SF:components/ui/TabBarBackground.tsx
FN:6,TabBarBackground
FN:28,useBottomTabOverflow
FNF:2
FNH:0
FNDA:0,TabBarBackground
FNDA:0,useBottomTabOverflow
DA:7,0
DA:10,0
DA:11,0
DA:21,0
DA:29,0
LF:5
LH:0
BRDA:10,0,0,0
BRDA:10,0,1,0
BRDA:14,1,0,0
BRDA:14,1,1,0
BRF:4
BRH:0
end_of_record
TN:
SF:components/ui/button.tsx
FN:93,(anonymous_0)
FN:114,(anonymous_1)
FN:132,(anonymous_2)
FN:148,(anonymous_3)
FN:234,(anonymous_4)
FN:259,(anonymous_5)
FNF:6
FNH:0
FNDA:0,(anonymous_0)
FNDA:0,(anonymous_1)
FNDA:0,(anonymous_2)
FNDA:0,(anonymous_3)
FNDA:0,(anonymous_4)
FNDA:0,(anonymous_5)
DA:19,0
DA:47,0
DA:92,0
DA:112,0
DA:114,0
DA:115,0
DA:118,0
DA:119,0
DA:120,0
DA:122,0
DA:126,0
DA:129,0
DA:132,0
DA:134,0
DA:138,0
DA:148,0
DA:149,0
DA:150,0
DA:160,0
DA:161,0
DA:165,0
DA:200,0
DA:220,0
DA:233,0
DA:235,0
DA:249,0
DA:258,0
DA:260,0
DA:273,0
LF:29
LH:0
BRDA:95,0,0,0
BRDA:96,1,0,0
BRDA:98,2,0,0
BRDA:102,3,0,0
BRDA:115,4,0,0
BRDA:115,4,1,0
BRDA:115,5,0,0
BRDA:115,5,1,0
BRDA:118,6,0,0
BRDA:118,6,1,0
BRDA:119,7,0,0
BRDA:119,7,1,0
BRDA:129,8,0,0
BRDA:129,8,1,0
BRDA:134,9,0,0
BRDA:134,9,1,0
BRDA:134,10,0,0
BRDA:134,10,1,0
BRDA:134,10,2,0
BRDA:149,11,0,0
BRDA:149,11,1,0
BRDA:149,12,0,0
BRDA:149,12,1,0
BRDA:160,13,0,0
BRDA:160,13,1,0
BRDA:167,14,0,0
BRDA:167,14,1,0
BRDA:170,15,0,0
BRDA:170,15,1,0
BRDA:171,16,0,0
BRDA:171,16,1,0
BRDA:172,17,0,0
BRDA:172,17,1,0
BRDA:178,18,0,0
BRDA:178,18,1,0
BRDA:186,19,0,0
BRDA:186,19,1,0
BRDA:189,20,0,0
BRDA:189,20,1,0
BRDA:190,21,0,0
BRDA:190,21,1,0
BRDA:191,22,0,0
BRDA:191,22,1,0
BRDA:208,23,0,0
BRDA:208,23,1,0
BRDA:234,24,0,0
BRF:46
BRH:0
end_of_record
TN:
SF:components/ui/card.tsx
FN:99,(anonymous_0)
FN:103,(anonymous_1)
FN:168,(anonymous_2)
FN:191,(anonymous_3)
FN:226,(anonymous_4)
FN:261,(anonymous_5)
FN:285,(anonymous_6)
FN:309,(anonymous_7)
FN:341,(anonymous_8)
FN:353,(anonymous_9)
FN:361,(anonymous_10)
FN:428,(anonymous_11)
FNF:12
FNH:0
FNDA:0,(anonymous_0)
FNDA:0,(anonymous_1)
FNDA:0,(anonymous_2)
FNDA:0,(anonymous_3)
FNDA:0,(anonymous_4)
FNDA:0,(anonymous_5)
FNDA:0,(anonymous_6)
FNDA:0,(anonymous_7)
FNDA:0,(anonymous_8)
FNDA:0,(anonymous_9)
FNDA:0,(anonymous_10)
FNDA:0,(anonymous_11)
DA:18,0
DA:41,0
DA:57,0
DA:73,0
DA:98,0
DA:100,0
DA:103,0
DA:104,0
DA:105,0
DA:108,0
DA:111,0
DA:112,0
DA:126,0
DA:129,0
DA:133,0
DA:137,0
DA:157,0
DA:167,0
DA:169,0
DA:181,0
DA:190,0
DA:192,0
DA:194,0
DA:216,0
DA:225,0
DA:227,0
DA:229,0
DA:251,0
DA:260,0
DA:262,0
DA:274,0
DA:284,0
DA:286,0
DA:298,0
DA:308,0
DA:310,0
DA:322,0
DA:340,0
DA:351,0
DA:353,0
DA:354,0
DA:355,0
DA:357,0
DA:361,0
DA:362,0
DA:363,0
DA:366,0
DA:368,0
DA:369,0
DA:383,0
DA:385,0
DA:389,0
DA:393,0
DA:415,0
DA:428,0
DA:429,0
LF:56
LH:0
BRDA:99,0,0,0
BRDA:99,1,0,0
BRDA:104,2,0,0
BRDA:104,2,1,0
BRDA:104,3,0,0
BRDA:104,3,1,0
BRDA:108,4,0,0
BRDA:108,4,1,0
BRDA:111,5,0,0
BRDA:111,5,1,0
BRDA:168,6,0,0
BRDA:285,7,0,0
BRDA:309,8,0,0
BRDA:342,9,0,0
BRDA:343,10,0,0
BRDA:344,11,0,0
BRDA:354,12,0,0
BRDA:354,12,1,0
BRDA:362,13,0,0
BRDA:362,13,1,0
BRDA:362,14,0,0
BRDA:362,14,1,0
BRDA:366,15,0,0
BRDA:366,15,1,0
BRDA:368,16,0,0
BRDA:368,16,1,0
BRDA:431,17,0,0
BRDA:431,17,1,0
BRDA:431,17,2,0
BRDA:431,17,3,0
BRDA:434,18,0,0
BRDA:434,18,1,0
BRDA:435,19,0,0
BRDA:435,19,1,0
BRDA:437,20,0,0
BRDA:437,20,1,0
BRDA:441,21,0,0
BRDA:441,21,1,0
BRF:38
BRH:0
end_of_record
TN:
SF:components/ui/input.tsx
FN:84,(anonymous_0)
FN:120,(anonymous_1)
FN:124,(anonymous_2)
FN:128,(anonymous_3)
FN:133,(anonymous_4)
FN:139,(anonymous_5)
FN:154,(anonymous_6)
FN:171,(anonymous_7)
FN:279,(anonymous_8)
FN:311,(anonymous_9)
FN:321,(anonymous_10)
FN:326,(anonymous_11)
FN:332,(anonymous_12)
FN:406,(anonymous_13)
FN:409,(anonymous_14)
FN:419,(anonymous_15)
FNF:16
FNH:0
FNDA:0,(anonymous_0)
FNDA:0,(anonymous_1)
FNDA:0,(anonymous_2)
FNDA:0,(anonymous_3)
FNDA:0,(anonymous_4)
FNDA:0,(anonymous_5)
FNDA:0,(anonymous_6)
FNDA:0,(anonymous_7)
FNDA:0,(anonymous_8)
FNDA:0,(anonymous_9)
FNDA:0,(anonymous_10)
FNDA:0,(anonymous_11)
FNDA:0,(anonymous_12)
FNDA:0,(anonymous_13)
FNDA:0,(anonymous_14)
FNDA:0,(anonymous_15)
DA:18,0
DA:41,0
DA:83,0
DA:110,0
DA:111,0
DA:112,0
DA:115,0
DA:118,0
DA:120,0
DA:121,0
DA:124,0
DA:125,0
DA:128,0
DA:129,0
DA:130,0
DA:133,0
DA:134,0
DA:135,0
DA:139,0
DA:140,0
DA:142,0
DA:154,0
DA:155,0
DA:157,0
DA:171,0
DA:172,0
DA:173,0
DA:175,0
DA:177,0
DA:184,0
DA:256,0
DA:278,0
DA:301,0
DA:302,0
DA:303,0
DA:306,0
DA:309,0
DA:311,0
DA:312,0
DA:314,0
DA:318,0
DA:321,0
DA:322,0
DA:323,0
DA:326,0
DA:327,0
DA:328,0
DA:332,0
DA:333,0
DA:334,0
DA:336,0
DA:338,0
DA:345,0
DA:392,0
DA:405,0
DA:407,0
DA:409,0
DA:410,0
DA:412,0
DA:414,0
DA:415,0
DA:419,0
DA:420,0
DA:423,0
DA:427,0
DA:440,0
LF:66
LH:0
BRDA:86,0,0,0
BRDA:87,1,0,0
BRDA:92,2,0,0
BRDA:95,3,0,0
BRDA:96,4,0,0
BRDA:115,5,0,0
BRDA:115,5,1,0
BRDA:115,6,0,0
BRDA:115,6,1,0
BRDA:140,7,0,0
BRDA:140,7,1,0
BRDA:140,8,0,0
BRDA:140,8,1,0
BRDA:155,9,0,0
BRDA:155,9,1,0
BRDA:164,10,0,0
BRDA:164,10,1,0
BRDA:172,11,0,0
BRDA:172,11,1,0
BRDA:172,11,2,0
BRDA:173,12,0,0
BRDA:173,12,1,0
BRDA:175,13,0,0
BRDA:175,13,1,0
BRDA:175,14,0,0
BRDA:175,14,1,0
BRDA:187,15,0,0
BRDA:187,15,1,0
BRDA:202,16,0,0
BRDA:202,16,1,0
BRDA:206,17,0,0
BRDA:206,17,1,0
BRDA:217,18,0,0
BRDA:217,18,1,0
BRDA:218,19,0,0
BRDA:218,19,1,0
BRDA:223,20,0,0
BRDA:223,20,1,0
BRDA:224,21,0,0
BRDA:224,21,1,0
BRDA:241,22,0,0
BRDA:241,22,1,0
BRDA:281,23,0,0
BRDA:282,24,0,0
BRDA:287,25,0,0
BRDA:288,26,0,0
BRDA:289,27,0,0
BRDA:290,28,0,0
BRDA:306,29,0,0
BRDA:306,29,1,0
BRDA:306,30,0,0
BRDA:306,30,1,0
BRDA:312,31,0,0
BRDA:312,31,1,0
BRDA:333,32,0,0
BRDA:333,32,1,0
BRDA:333,32,2,0
BRDA:334,33,0,0
BRDA:334,33,1,0
BRDA:336,34,0,0
BRDA:336,34,1,0
BRDA:336,35,0,0
BRDA:336,35,1,0
BRDA:348,36,0,0
BRDA:348,36,1,0
BRDA:365,37,0,0
BRDA:365,37,1,0
BRDA:371,38,0,0
BRDA:371,38,1,0
BRDA:377,39,0,0
BRDA:377,39,1,0
BRDA:406,40,0,0
BRDA:412,41,0,0
BRDA:412,41,1,0
BRDA:414,42,0,0
BRDA:414,42,1,0
BRF:76
BRH:0
end_of_record
TN:
SF:components/ui/utils.ts
FN:13,cn
FN:21,conditional
FN:33,platformClasses
FN:54,withOpacity
FN:69,themeClasses
FNF:5
FNH:0
FNDA:0,cn
FNDA:0,conditional
FNDA:0,platformClasses
FNDA:0,withOpacity
FNDA:0,themeClasses
DA:14,0
DA:26,0
DA:38,0
DA:40,0
DA:41,0
DA:42,0
DA:43,0
DA:44,0
DA:47,0
DA:56,0
DA:57,0
DA:62,0
DA:74,0
LF:13
LH:0
BRDA:26,0,0,0
BRDA:26,0,1,0
BRDA:41,1,0,0
BRDA:41,1,1,0
BRDA:41,2,0,0
BRDA:41,2,1,0
BRDA:43,3,0,0
BRDA:43,3,1,0
BRDA:43,4,0,0
BRDA:43,4,1,0
BRDA:56,5,0,0
BRDA:56,5,1,0
BRDA:74,6,0,0
BRDA:74,6,1,0
BRF:14
BRH:0
end_of_record
TN:
SF:constants/Colors.ts
FNF:0
FNH:0
DA:6,0
DA:7,0
DA:9,0
LF:3
LH:0
BRF:0
BRH:0
end_of_record
TN:
SF:hooks/use-auth.ts
FN:31,(anonymous_0)
FN:32,(anonymous_1)
FN:43,useGoogleAuth
FN:48,(anonymous_3)
FN:61,(anonymous_4)
FN:76,(anonymous_5)
FN:85,useEmailLogin
FN:90,(anonymous_7)
FN:103,(anonymous_8)
FN:117,(anonymous_9)
FN:127,useLogout
FN:132,(anonymous_11)
FN:144,(anonymous_12)
FN:151,(anonymous_13)
FN:164,useUserProfile
FN:169,(anonymous_15)
FN:174,(anonymous_16)
FN:181,(anonymous_17)
FN:195,useUpdateUserProfile
FN:200,(anonymous_19)
FN:203,(anonymous_20)
FN:212,(anonymous_21)
FN:222,useTokenRefresh
FN:227,(anonymous_23)
FN:240,(anonymous_24)
FN:256,useAuthenticationStatus
FN:272,useTokenValidation
FN:275,(anonymous_27)
FNF:28
FNH:0
FNDA:0,(anonymous_0)
FNDA:0,(anonymous_1)
FNDA:0,useGoogleAuth
FNDA:0,(anonymous_3)
FNDA:0,(anonymous_4)
FNDA:0,(anonymous_5)
FNDA:0,useEmailLogin
FNDA:0,(anonymous_7)
FNDA:0,(anonymous_8)
FNDA:0,(anonymous_9)
FNDA:0,useLogout
FNDA:0,(anonymous_11)
FNDA:0,(anonymous_12)
FNDA:0,(anonymous_13)
FNDA:0,useUserProfile
FNDA:0,(anonymous_15)
FNDA:0,(anonymous_16)
FNDA:0,(anonymous_17)
FNDA:0,useUpdateUserProfile
FNDA:0,(anonymous_19)
FNDA:0,(anonymous_20)
FNDA:0,(anonymous_21)
FNDA:0,useTokenRefresh
FNDA:0,(anonymous_23)
FNDA:0,(anonymous_24)
FNDA:0,useAuthenticationStatus
FNDA:0,useTokenValidation
FNDA:0,(anonymous_27)
DA:30,0
DA:31,0
DA:32,0
DA:44,0
DA:45,0
DA:47,0
DA:49,0
DA:52,0
DA:59,0
DA:63,0
DA:64,0
DA:73,0
DA:74,0
DA:77,0
DA:86,0
DA:87,0
DA:89,0
DA:91,0
DA:94,0
DA:101,0
DA:105,0
DA:106,0
DA:114,0
DA:115,0
DA:118,0
DA:128,0
DA:129,0
DA:131,0
DA:134,0
DA:137,0
DA:138,0
DA:141,0
DA:146,0
DA:149,0
DA:152,0
DA:154,0
DA:155,0
DA:165,0
DA:167,0
DA:170,0
DA:176,0
DA:177,0
DA:183,0
DA:184,0
DA:185,0
DA:186,0
DA:196,0
DA:197,0
DA:199,0
DA:201,0
DA:205,0
DA:208,0
DA:213,0
DA:223,0
DA:224,0
DA:226,0
DA:228,0
DA:229,0
DA:230,0
DA:233,0
DA:237,0
DA:238,0
DA:242,0
DA:243,0
DA:244,0
DA:257,0
DA:258,0
DA:260,0
DA:273,0
DA:275,0
DA:276,0
DA:278,0
DA:279,0
DA:280,0
DA:281,0
DA:283,0
DA:284,0
DA:288,0
DA:291,0
LF:79
LH:0
BRDA:183,0,0,0
BRDA:183,0,1,0
BRDA:229,1,0,0
BRDA:229,1,1,0
BRDA:261,2,0,0
BRDA:261,2,1,0
BRDA:262,3,0,0
BRDA:262,3,1,0
BRDA:278,4,0,0
BRDA:278,4,1,0
BRF:10
BRH:0
end_of_record
TN:
SF:hooks/use-exercises.ts
FN:28,(anonymous_0)
FN:29,(anonymous_1)
FN:30,(anonymous_2)
FN:31,(anonymous_3)
FN:32,(anonymous_4)
FN:33,(anonymous_5)
FN:34,(anonymous_6)
FN:35,(anonymous_7)
FN:36,(anonymous_8)
FN:81,useExercises
FN:86,(anonymous_10)
FN:93,(anonymous_11)
FN:96,(anonymous_12)
FN:115,(anonymous_13)
FN:120,(anonymous_14)
FN:131,(anonymous_15)
FN:140,useExerciseSearch
FN:144,(anonymous_17)
FN:145,(anonymous_18)
FN:149,(anonymous_19)
FN:154,(anonymous_20)
FN:164,(anonymous_21)
FN:175,useExercise
FN:180,(anonymous_23)
FN:186,(anonymous_24)
FN:199,useExerciseCategories
FN:204,(anonymous_26)
FN:209,(anonymous_27)
FN:219,useExerciseEquipment
FN:224,(anonymous_29)
FN:229,(anonymous_30)
FN:232,(anonymous_31)
FN:241,useExerciseBodyParts
FN:246,(anonymous_33)
FN:251,(anonymous_34)
FN:254,(anonymous_35)
FN:267,useExerciseSelection
FN:275,(anonymous_37)
FN:277,(anonymous_38)
FN:278,(anonymous_39)
FN:281,(anonymous_40)
FN:284,(anonymous_41)
FN:285,(anonymous_42)
FN:287,(anonymous_43)
FN:305,useExerciseFiltering
FN:315,(anonymous_45)
FN:327,(anonymous_46)
FNF:47
FNH:0
FNDA:0,(anonymous_0)
FNDA:0,(anonymous_1)
FNDA:0,(anonymous_2)
FNDA:0,(anonymous_3)
FNDA:0,(anonymous_4)
FNDA:0,(anonymous_5)
FNDA:0,(anonymous_6)
FNDA:0,(anonymous_7)
FNDA:0,(anonymous_8)
FNDA:0,useExercises
FNDA:0,(anonymous_10)
FNDA:0,(anonymous_11)
FNDA:0,(anonymous_12)
FNDA:0,(anonymous_13)
FNDA:0,(anonymous_14)
FNDA:0,(anonymous_15)
FNDA:0,useExerciseSearch
FNDA:0,(anonymous_17)
FNDA:0,(anonymous_18)
FNDA:0,(anonymous_19)
FNDA:0,(anonymous_20)
FNDA:0,(anonymous_21)
FNDA:0,useExercise
FNDA:0,(anonymous_23)
FNDA:0,(anonymous_24)
FNDA:0,useExerciseCategories
FNDA:0,(anonymous_26)
FNDA:0,(anonymous_27)
FNDA:0,useExerciseEquipment
FNDA:0,(anonymous_29)
FNDA:0,(anonymous_30)
FNDA:0,(anonymous_31)
FNDA:0,useExerciseBodyParts
FNDA:0,(anonymous_33)
FNDA:0,(anonymous_34)
FNDA:0,(anonymous_35)
FNDA:0,useExerciseSelection
FNDA:0,(anonymous_37)
FNDA:0,(anonymous_38)
FNDA:0,(anonymous_39)
FNDA:0,(anonymous_40)
FNDA:0,(anonymous_41)
FNDA:0,(anonymous_42)
FNDA:0,(anonymous_43)
FNDA:0,useExerciseFiltering
FNDA:0,(anonymous_45)
FNDA:0,(anonymous_46)
DA:27,0
DA:28,0
DA:29,0
DA:30,0
DA:31,0
DA:32,0
DA:33,0
DA:34,0
DA:35,0
DA:36,0
DA:82,0
DA:84,0
DA:87,0
DA:89,0
DA:90,0
DA:92,0
DA:93,0
DA:95,0
DA:96,0
DA:98,0
DA:99,0
DA:101,0
DA:102,0
DA:104,0
DA:105,0
DA:108,0
DA:109,0
DA:111,0
DA:117,0
DA:120,0
DA:129,0
DA:132,0
DA:141,0
DA:144,0
DA:145,0
DA:146,0
DA:149,0
DA:152,0
DA:155,0
DA:157,0
DA:160,0
DA:166,0
DA:167,0
DA:176,0
DA:178,0
DA:181,0
DA:182,0
DA:187,0
DA:200,0
DA:202,0
DA:205,0
DA:211,0
DA:220,0
DA:222,0
DA:225,0
DA:231,0
DA:232,0
DA:233,0
DA:242,0
DA:244,0
DA:247,0
DA:253,0
DA:254,0
DA:255,0
DA:273,0
DA:275,0
DA:276,0
DA:277,0
DA:278,0
DA:281,0
DA:283,0
DA:284,0
DA:285,0
DA:287,0
DA:288,0
DA:292,0
DA:312,0
DA:315,0
DA:316,0
DA:317,0
DA:319,0
DA:320,0
DA:322,0
DA:323,0
DA:327,0
DA:328,0
DA:335,0
LF:87
LH:0
BRDA:81,0,0,0
BRDA:89,1,0,0
BRDA:89,1,1,0
BRDA:92,2,0,0
BRDA:92,2,1,0
BRDA:95,3,0,0
BRDA:95,3,1,0
BRDA:98,4,0,0
BRDA:98,4,1,0
BRDA:101,5,0,0
BRDA:101,5,1,0
BRDA:104,6,0,0
BRDA:104,6,1,0
BRDA:109,7,0,0
BRDA:109,7,1,0
BRDA:121,8,0,0
BRDA:121,8,1,0
BRDA:140,9,0,0
BRDA:155,10,0,0
BRDA:155,10,1,0
BRDA:179,11,0,0
BRDA:179,11,1,0
BRDA:181,12,0,0
BRDA:181,12,1,0
BRDA:184,13,0,0
BRDA:184,13,1,0
BRDA:316,14,0,0
BRDA:316,14,1,0
BRDA:319,15,0,0
BRDA:319,15,1,0
BRDA:322,16,0,0
BRDA:322,16,1,0
BRDA:329,17,0,0
BRDA:329,17,1,0
BRDA:330,18,0,0
BRDA:330,18,1,0
BRDA:331,19,0,0
BRDA:331,19,1,0
BRF:38
BRH:0
end_of_record
TN:
SF:hooks/use-network.ts
FN:47,useNetwork
FN:64,(anonymous_1)
FN:66,(anonymous_2)
FN:99,(anonymous_3)
FN:115,(anonymous_4)
FN:142,(anonymous_5)
FN:154,(anonymous_6)
FN:161,(anonymous_7)
FN:196,getNetworkStatus
FNF:9
FNH:0
FNDA:0,useNetwork
FNDA:0,(anonymous_1)
FNDA:0,(anonymous_2)
FNDA:0,(anonymous_3)
FNDA:0,(anonymous_4)
FNDA:0,(anonymous_5)
FNDA:0,(anonymous_6)
FNDA:0,(anonymous_7)
FNDA:0,getNetworkStatus
DA:48,0
DA:50,0
DA:64,0
DA:66,0
DA:67,0
DA:68,0
DA:69,0
DA:73,0
DA:82,0
DA:92,0
DA:95,0
DA:97,0
DA:98,0
DA:101,0
DA:109,0
DA:110,0
DA:115,0
DA:116,0
DA:117,0
DA:118,0
DA:121,0
DA:130,0
DA:142,0
DA:143,0
DA:154,0
DA:155,0
DA:156,0
DA:157,0
DA:160,0
DA:161,0
DA:169,0
DA:171,0
DA:172,0
DA:180,0
DA:197,0
DA:198,0
DA:199,0
DA:200,0
DA:201,0
DA:204,0
DA:209,0
DA:219,0
DA:221,0
LF:43
LH:0
BRDA:67,0,0,0
BRDA:67,0,1,0
BRDA:73,1,0,0
BRDA:73,1,1,0
BRDA:73,1,2,0
BRDA:73,1,3,0
BRDA:73,1,4,0
BRDA:73,1,5,0
BRDA:73,1,6,0
BRDA:73,1,7,0
BRDA:73,1,8,0
BRDA:84,2,0,0
BRDA:84,2,1,0
BRDA:85,3,0,0
BRDA:85,3,1,0
BRDA:95,4,0,0
BRDA:95,4,1,0
BRDA:95,5,0,0
BRDA:95,5,1,0
BRDA:101,6,0,0
BRDA:101,6,1,0
BRDA:101,6,2,0
BRDA:109,7,0,0
BRDA:109,7,1,0
BRDA:110,8,0,0
BRDA:110,8,1,0
BRDA:116,9,0,0
BRDA:116,9,1,0
BRDA:121,10,0,0
BRDA:121,10,1,0
BRDA:121,10,2,0
BRDA:121,10,3,0
BRDA:121,10,4,0
BRDA:121,10,5,0
BRDA:121,10,6,0
BRDA:121,10,7,0
BRDA:121,10,8,0
BRDA:132,11,0,0
BRDA:132,11,1,0
BRDA:133,12,0,0
BRDA:133,12,1,0
BRDA:160,13,0,0
BRDA:160,13,1,0
BRDA:199,14,0,0
BRDA:199,14,1,0
BRDA:204,15,0,0
BRDA:204,15,1,0
BRDA:204,15,2,0
BRDA:204,15,3,0
BRDA:211,16,0,0
BRDA:211,16,1,0
BRDA:212,17,0,0
BRDA:212,17,1,0
BRF:53
BRH:0
end_of_record
TN:
SF:hooks/use-theme.ts
FN:22,(anonymous_0)
FN:26,(anonymous_1)
FN:31,(anonymous_2)
FN:35,(anonymous_3)
FN:39,(anonymous_4)
FN:43,(anonymous_5)
FN:47,(anonymous_6)
FN:74,(anonymous_7)
FN:82,(anonymous_8)
FN:90,(anonymous_9)
FN:98,(anonymous_10)
FN:106,(anonymous_11)
FN:115,(anonymous_12)
FN:124,(anonymous_13)
FN:136,(anonymous_14)
FN:148,(anonymous_15)
FN:165,(anonymous_16)
FN:168,(anonymous_17)
FN:174,(anonymous_18)
FNF:19
FNH:0
FNDA:0,(anonymous_0)
FNDA:0,(anonymous_1)
FNDA:0,(anonymous_2)
FNDA:0,(anonymous_3)
FNDA:0,(anonymous_4)
FNDA:0,(anonymous_5)
FNDA:0,(anonymous_6)
FNDA:0,(anonymous_7)
FNDA:0,(anonymous_8)
FNDA:0,(anonymous_9)
FNDA:0,(anonymous_10)
FNDA:0,(anonymous_11)
FNDA:0,(anonymous_12)
FNDA:0,(anonymous_13)
FNDA:0,(anonymous_14)
FNDA:0,(anonymous_15)
FNDA:0,(anonymous_16)
FNDA:0,(anonymous_17)
FNDA:0,(anonymous_18)
DA:12,0
DA:22,0
DA:23,0
DA:26,0
DA:27,0
DA:31,0
DA:32,0
DA:35,0
DA:36,0
DA:39,0
DA:40,0
DA:43,0
DA:44,0
DA:47,0
DA:48,0
DA:51,0
DA:74,0
DA:75,0
DA:76,0
DA:82,0
DA:83,0
DA:84,0
DA:90,0
DA:91,0
DA:92,0
DA:98,0
DA:99,0
DA:100,0
DA:106,0
DA:107,0
DA:108,0
DA:115,0
DA:116,0
DA:117,0
DA:124,0
DA:129,0
DA:136,0
DA:137,0
DA:139,0
DA:148,0
DA:149,0
DA:151,0
DA:165,0
DA:166,0
DA:168,0
DA:171,0
DA:174,0
DA:175,0
DA:178,0
LF:49
LH:0
BRF:0
BRH:0
end_of_record
TN:
SF:hooks/use-user.ts
FN:12,(anonymous_0)
FN:16,(anonymous_1)
FN:51,(anonymous_2)
FN:61,(anonymous_3)
FN:68,(anonymous_4)
FN:76,(anonymous_5)
FN:80,(anonymous_6)
FN:84,(anonymous_7)
FN:88,(anonymous_8)
FN:109,(anonymous_9)
FN:122,(anonymous_10)
FN:134,(anonymous_11)
FN:146,(anonymous_12)
FN:151,(anonymous_13)
FN:178,(anonymous_14)
FN:189,(anonymous_15)
FN:193,(anonymous_16)
FN:197,(anonymous_17)
FN:201,(anonymous_18)
FN:208,(anonymous_19)
FN:227,(anonymous_20)
FN:230,(anonymous_21)
FN:239,(anonymous_22)
FN:243,(anonymous_23)
FNF:24
FNH:0
FNDA:0,(anonymous_0)
FNDA:0,(anonymous_1)
FNDA:0,(anonymous_2)
FNDA:0,(anonymous_3)
FNDA:0,(anonymous_4)
FNDA:0,(anonymous_5)
FNDA:0,(anonymous_6)
FNDA:0,(anonymous_7)
FNDA:0,(anonymous_8)
FNDA:0,(anonymous_9)
FNDA:0,(anonymous_10)
FNDA:0,(anonymous_11)
FNDA:0,(anonymous_12)
FNDA:0,(anonymous_13)
FNDA:0,(anonymous_14)
FNDA:0,(anonymous_15)
FNDA:0,(anonymous_16)
FNDA:0,(anonymous_17)
FNDA:0,(anonymous_18)
FNDA:0,(anonymous_19)
FNDA:0,(anonymous_20)
FNDA:0,(anonymous_21)
FNDA:0,(anonymous_22)
FNDA:0,(anonymous_23)
DA:12,0
DA:13,0
DA:16,0
DA:17,0
DA:18,0
DA:22,0
DA:51,0
DA:59,0
DA:61,0
DA:62,0
DA:63,0
DA:64,0
DA:68,0
DA:73,0
DA:76,0
DA:77,0
DA:80,0
DA:81,0
DA:84,0
DA:85,0
DA:88,0
DA:89,0
DA:92,0
DA:109,0
DA:120,0
DA:122,0
DA:123,0
DA:124,0
DA:125,0
DA:127,0
DA:134,0
DA:135,0
DA:136,0
DA:137,0
DA:139,0
DA:146,0
DA:147,0
DA:148,0
DA:151,0
DA:156,0
DA:163,0
DA:178,0
DA:187,0
DA:189,0
DA:190,0
DA:193,0
DA:194,0
DA:197,0
DA:198,0
DA:201,0
DA:202,0
DA:208,0
DA:209,0
DA:210,0
DA:213,0
DA:227,0
DA:228,0
DA:230,0
DA:232,0
DA:233,0
DA:234,0
DA:235,0
DA:239,0
DA:240,0
DA:243,0
DA:244,0
DA:247,0
LF:67
LH:0
BRDA:17,0,0,0
BRDA:17,0,1,0
BRDA:62,1,0,0
BRDA:62,1,1,0
BRDA:63,2,0,0
BRDA:63,2,1,0
BRDA:77,3,0,0
BRDA:77,3,1,0
BRDA:81,4,0,0
BRDA:81,4,1,0
BRDA:129,5,0,0
BRDA:129,5,1,0
BRDA:141,6,0,0
BRDA:141,6,1,0
BRDA:232,7,0,0
BRDA:232,7,1,0
BRDA:232,8,0,0
BRDA:232,8,1,0
BRDA:234,9,0,0
BRDA:234,9,1,0
BRDA:234,10,0,0
BRDA:234,10,1,0
BRF:22
BRH:0
end_of_record
TN:
SF:hooks/use-workout.ts
FN:17,(anonymous_0)
FN:22,(anonymous_1)
FN:29,(anonymous_2)
FN:68,(anonymous_3)
FN:69,(anonymous_4)
FN:76,(anonymous_5)
FN:84,(anonymous_6)
FN:85,(anonymous_7)
FN:91,(anonymous_8)
FN:95,(anonymous_9)
FN:99,(anonymous_10)
FN:100,(anonymous_11)
FN:113,(anonymous_12)
FN:121,(anonymous_13)
FN:125,(anonymous_14)
FN:127,(anonymous_15)
FN:130,(anonymous_16)
FN:136,(anonymous_17)
FN:148,(anonymous_18)
FN:152,(anonymous_19)
FN:153,(anonymous_20)
FN:168,(anonymous_21)
FN:187,(anonymous_22)
FN:194,(anonymous_23)
FN:200,(anonymous_24)
FN:240,(anonymous_25)
FN:245,(anonymous_26)
FN:248,(anonymous_27)
FN:249,(anonymous_28)
FN:251,(anonymous_29)
FN:252,(anonymous_30)
FN:259,(anonymous_31)
FN:260,(anonymous_32)
FN:261,(anonymous_33)
FN:263,(anonymous_34)
FN:264,(anonymous_35)
FNF:36
FNH:0
FNDA:0,(anonymous_0)
FNDA:0,(anonymous_1)
FNDA:0,(anonymous_2)
FNDA:0,(anonymous_3)
FNDA:0,(anonymous_4)
FNDA:0,(anonymous_5)
FNDA:0,(anonymous_6)
FNDA:0,(anonymous_7)
FNDA:0,(anonymous_8)
FNDA:0,(anonymous_9)
FNDA:0,(anonymous_10)
FNDA:0,(anonymous_11)
FNDA:0,(anonymous_12)
FNDA:0,(anonymous_13)
FNDA:0,(anonymous_14)
FNDA:0,(anonymous_15)
FNDA:0,(anonymous_16)
FNDA:0,(anonymous_17)
FNDA:0,(anonymous_18)
FNDA:0,(anonymous_19)
FNDA:0,(anonymous_20)
FNDA:0,(anonymous_21)
FNDA:0,(anonymous_22)
FNDA:0,(anonymous_23)
FNDA:0,(anonymous_24)
FNDA:0,(anonymous_25)
FNDA:0,(anonymous_26)
FNDA:0,(anonymous_27)
FNDA:0,(anonymous_28)
FNDA:0,(anonymous_29)
FNDA:0,(anonymous_30)
FNDA:0,(anonymous_31)
FNDA:0,(anonymous_32)
FNDA:0,(anonymous_33)
FNDA:0,(anonymous_34)
FNDA:0,(anonymous_35)
DA:17,0
DA:18,0
DA:19,0
DA:22,0
DA:23,0
DA:24,0
DA:29,0
DA:30,0
DA:31,0
DA:34,0
DA:69,0
DA:76,0
DA:82,0
DA:84,0
DA:85,0
DA:86,0
DA:87,0
DA:91,0
DA:92,0
DA:95,0
DA:96,0
DA:99,0
DA:100,0
DA:103,0
DA:113,0
DA:119,0
DA:121,0
DA:122,0
DA:125,0
DA:127,0
DA:130,0
DA:136,0
DA:145,0
DA:148,0
DA:149,0
DA:152,0
DA:153,0
DA:156,0
DA:168,0
DA:183,0
DA:185,0
DA:187,0
DA:189,0
DA:190,0
DA:194,0
DA:195,0
DA:196,0
DA:200,0
DA:201,0
DA:202,0
DA:205,0
DA:207,0
DA:208,0
DA:212,0
DA:213,0
DA:214,0
DA:216,0
DA:220,0
DA:221,0
DA:223,0
DA:240,0
DA:241,0
DA:243,0
DA:246,0
DA:249,0
DA:252,0
DA:257,0
DA:259,0
DA:261,0
DA:264,0
DA:268,0
LF:71
LH:0
BRDA:23,0,0,0
BRDA:23,0,1,0
BRDA:69,1,0,0
BRDA:69,1,1,0
BRDA:86,2,0,0
BRDA:86,2,1,0
BRDA:148,3,0,0
BRDA:189,4,0,0
BRDA:189,4,1,0
BRDA:195,5,0,0
BRDA:195,5,1,0
BRDA:201,6,0,0
BRDA:201,6,1,0
BRDA:205,7,0,0
BRDA:205,7,1,0
BRDA:221,8,0,0
BRDA:221,8,1,0
BRDA:246,9,0,0
BRDA:246,9,1,0
BRDA:249,10,0,0
BRDA:249,10,1,0
BRDA:252,11,0,0
BRDA:252,11,1,0
BRF:23
BRH:0
end_of_record
TN:
SF:hooks/use-workouts.ts
FN:35,(anonymous_0)
FN:36,(anonymous_1)
FN:37,(anonymous_2)
FN:39,(anonymous_3)
FN:40,(anonymous_4)
FN:41,(anonymous_5)
FN:42,(anonymous_6)
FN:43,(anonymous_7)
FN:54,useWorkouts
FN:63,(anonymous_9)
FN:83,(anonymous_10)
FN:92,useWorkout
FN:97,(anonymous_12)
FN:103,(anonymous_13)
FN:115,(anonymous_14)
FN:124,useActiveWorkout
FN:130,(anonymous_16)
FN:146,useCreateWorkout
FN:151,(anonymous_18)
FN:154,(anonymous_19)
FN:167,(anonymous_20)
FN:176,useUpdateWorkout
FN:181,(anonymous_22)
FN:190,(anonymous_23)
FN:205,(anonymous_24)
FN:214,useDeleteWorkout
FN:219,(anonymous_26)
FN:222,(anonymous_27)
FN:236,(anonymous_28)
FN:249,useAddExerciseToWorkout
FN:253,(anonymous_30)
FN:262,(anonymous_31)
FN:268,(anonymous_32)
FN:277,useRemoveExerciseFromWorkout
FN:282,(anonymous_34)
FN:291,(anonymous_35)
FN:303,(anonymous_36)
FN:316,useCreateSet
FN:320,(anonymous_38)
FN:334,(anonymous_39)
FN:342,(anonymous_40)
FN:351,useUpdateSet
FN:355,(anonymous_42)
FN:371,(anonymous_43)
FN:377,(anonymous_44)
FN:386,useDeleteSet
FN:390,(anonymous_46)
FN:403,(anonymous_47)
FN:409,(anonymous_48)
FN:422,useBulkWorkoutOperations
FN:425,(anonymous_50)
FN:431,(anonymous_51)
FN:450,useWorkoutStats
FN:455,(anonymous_53)
FNF:54
FNH:0
FNDA:0,(anonymous_0)
FNDA:0,(anonymous_1)
FNDA:0,(anonymous_2)
FNDA:0,(anonymous_3)
FNDA:0,(anonymous_4)
FNDA:0,(anonymous_5)
FNDA:0,(anonymous_6)
FNDA:0,(anonymous_7)
FNDA:0,useWorkouts
FNDA:0,(anonymous_9)
FNDA:0,(anonymous_10)
FNDA:0,useWorkout
FNDA:0,(anonymous_12)
FNDA:0,(anonymous_13)
FNDA:0,(anonymous_14)
FNDA:0,useActiveWorkout
FNDA:0,(anonymous_16)
FNDA:0,useCreateWorkout
FNDA:0,(anonymous_18)
FNDA:0,(anonymous_19)
FNDA:0,(anonymous_20)
FNDA:0,useUpdateWorkout
FNDA:0,(anonymous_22)
FNDA:0,(anonymous_23)
FNDA:0,(anonymous_24)
FNDA:0,useDeleteWorkout
FNDA:0,(anonymous_26)
FNDA:0,(anonymous_27)
FNDA:0,(anonymous_28)
FNDA:0,useAddExerciseToWorkout
FNDA:0,(anonymous_30)
FNDA:0,(anonymous_31)
FNDA:0,(anonymous_32)
FNDA:0,useRemoveExerciseFromWorkout
FNDA:0,(anonymous_34)
FNDA:0,(anonymous_35)
FNDA:0,(anonymous_36)
FNDA:0,useCreateSet
FNDA:0,(anonymous_38)
FNDA:0,(anonymous_39)
FNDA:0,(anonymous_40)
FNDA:0,useUpdateSet
FNDA:0,(anonymous_42)
FNDA:0,(anonymous_43)
FNDA:0,(anonymous_44)
FNDA:0,useDeleteSet
FNDA:0,(anonymous_46)
FNDA:0,(anonymous_47)
FNDA:0,(anonymous_48)
FNDA:0,useBulkWorkoutOperations
FNDA:0,(anonymous_50)
FNDA:0,(anonymous_51)
FNDA:0,useWorkoutStats
FNDA:0,(anonymous_53)
DA:34,0
DA:35,0
DA:36,0
DA:38,0
DA:39,0
DA:40,0
DA:41,0
DA:42,0
DA:44,0
DA:59,0
DA:61,0
DA:64,0
DA:66,0
DA:67,0
DA:69,0
DA:70,0
DA:72,0
DA:73,0
DA:76,0
DA:77,0
DA:79,0
DA:84,0
DA:93,0
DA:95,0
DA:98,0
DA:99,0
DA:105,0
DA:107,0
DA:109,0
DA:116,0
DA:125,0
DA:126,0
DA:128,0
DA:131,0
DA:132,0
DA:147,0
DA:148,0
DA:150,0
DA:152,0
DA:156,0
DA:159,0
DA:162,0
DA:163,0
DA:164,0
DA:168,0
DA:177,0
DA:178,0
DA:180,0
DA:188,0
DA:192,0
DA:195,0
DA:198,0
DA:201,0
DA:202,0
DA:206,0
DA:215,0
DA:216,0
DA:218,0
DA:220,0
DA:224,0
DA:227,0
DA:230,0
DA:231,0
DA:232,0
DA:233,0
DA:237,0
DA:250,0
DA:252,0
DA:260,0
DA:264,0
DA:269,0
DA:278,0
DA:279,0
DA:281,0
DA:289,0
DA:293,0
DA:298,0
DA:299,0
DA:300,0
DA:304,0
DA:317,0
DA:319,0
DA:329,0
DA:336,0
DA:343,0
DA:352,0
DA:354,0
DA:366,0
DA:373,0
DA:378,0
DA:387,0
DA:389,0
DA:399,0
DA:405,0
DA:410,0
DA:423,0
DA:425,0
DA:428,0
DA:431,0
DA:433,0
DA:436,0
DA:438,0
DA:441,0
DA:451,0
DA:453,0
DA:456,0
LF:106
LH:0
BRDA:54,0,0,0
BRDA:66,1,0,0
BRDA:66,1,1,0
BRDA:69,2,0,0
BRDA:69,2,1,0
BRDA:72,3,0,0
BRDA:72,3,1,0
BRDA:77,4,0,0
BRDA:77,4,1,0
BRDA:96,5,0,0
BRDA:96,5,1,0
BRDA:98,6,0,0
BRDA:98,6,1,0
BRDA:101,7,0,0
BRDA:101,7,1,0
BRDA:107,8,0,0
BRDA:107,8,1,0
BRDA:107,9,0,0
BRDA:107,9,1,0
BRDA:129,10,0,0
BRDA:129,10,1,0
BRDA:131,11,0,0
BRDA:131,11,1,0
BRDA:162,12,0,0
BRDA:162,12,1,0
BRDA:201,13,0,0
BRDA:201,13,1,0
BRDA:201,14,0,0
BRDA:201,14,1,0
BRDA:231,15,0,0
BRDA:231,15,1,0
BRDA:299,16,0,0
BRDA:299,16,1,0
BRF:33
BRH:0
end_of_record
TN:
SF:hooks/useColorScheme.ts
FNF:0
FNH:0
LF:0
LH:0
BRF:0
BRH:0
end_of_record
TN:
SF:hooks/useColorScheme.web.ts
FN:7,useColorScheme
FN:10,(anonymous_1)
FNF:2
FNH:0
FNDA:0,useColorScheme
FNDA:0,(anonymous_1)
DA:8,0
DA:10,0
DA:11,0
DA:14,0
DA:16,0
DA:17,0
DA:20,0
LF:7
LH:0
BRDA:16,0,0,0
BRDA:16,0,1,0
BRF:2
BRH:0
end_of_record
TN:
SF:hooks/useThemeColor.ts
FN:9,useThemeColor
FNF:1
FNH:0
FNDA:0,useThemeColor
DA:13,0
DA:14,0
DA:16,0
DA:17,0
DA:19,0
LF:5
LH:0
BRDA:13,0,0,0
BRDA:13,0,1,0
BRDA:16,1,0,0
BRDA:16,1,1,0
BRF:4
BRH:0
end_of_record
TN:
SF:services/api-client.ts
FN:20,(anonymous_0)
FN:215,(anonymous_1)
FN:224,(anonymous_2)
FN:233,(anonymous_3)
FN:249,(anonymous_4)
FN:261,(anonymous_5)
FN:286,(anonymous_6)
FN:292,(anonymous_7)
FN:310,(anonymous_8)
FN:383,(anonymous_9)
FN:410,(anonymous_10)
FN:427,(anonymous_11)
FN:431,(anonymous_12)
FN:438,(anonymous_13)
FN:445,(anonymous_14)
FN:450,(anonymous_15)
FN:464,(anonymous_16)
FN:479,(anonymous_17)
FN:483,(anonymous_18)
FN:487,(anonymous_19)
FN:491,(anonymous_20)
FN:495,(anonymous_21)
FN:518,isNetworkError
FN:536,(anonymous_23)
FN:568,shouldWorkOffline
FN:572,(anonymous_25)
FN:596,getNetworkStatus
FNF:27
FNH:0
FNDA:0,(anonymous_0)
FNDA:0,(anonymous_1)
FNDA:0,(anonymous_2)
FNDA:0,(anonymous_3)
FNDA:0,(anonymous_4)
FNDA:0,(anonymous_5)
FNDA:0,(anonymous_6)
FNDA:0,(anonymous_7)
FNDA:0,(anonymous_8)
FNDA:0,(anonymous_9)
FNDA:0,(anonymous_10)
FNDA:0,(anonymous_11)
FNDA:0,(anonymous_12)
FNDA:0,(anonymous_13)
FNDA:0,(anonymous_14)
FNDA:0,(anonymous_15)
FNDA:0,(anonymous_16)
FNDA:0,(anonymous_17)
FNDA:0,(anonymous_18)
FNDA:0,(anonymous_19)
FNDA:0,(anonymous_20)
FNDA:0,(anonymous_21)
FNDA:0,isNetworkError
FNDA:0,(anonymous_23)
FNDA:0,shouldWorkOffline
FNDA:0,(anonymous_25)
FNDA:0,getNetworkStatus
DA:20,0
DA:22,0
DA:24,0
DA:25,0
DA:28,0
DA:29,0
DA:32,0
DA:36,0
DA:37,0
DA:38,0
DA:42,0
DA:43,0
DA:46,0
DA:47,0
DA:211,0
DA:212,0
DA:213,0
DA:216,0
DA:217,0
DA:219,0
DA:220,0
DA:225,0
DA:226,0
DA:228,0
DA:229,0
DA:234,0
DA:235,0
DA:240,0
DA:241,0
DA:244,0
DA:245,0
DA:250,0
DA:251,0
DA:257,0
DA:262,0
DA:263,0
DA:264,0
DA:266,0
DA:267,0
DA:270,0
DA:272,0
DA:273,0
DA:287,0
DA:288,0
DA:296,0
DA:299,0
DA:300,0
DA:305,0
DA:306,0
DA:309,0
DA:310,0
DA:312,0
DA:313,0
DA:319,0
DA:322,0
DA:323,0
DA:324,0
DA:326,0
DA:329,0
DA:330,0
DA:334,0
DA:335,0
DA:339,0
DA:340,0
DA:343,0
DA:345,0
DA:347,0
DA:348,0
DA:351,0
DA:352,0
DA:356,0
DA:358,0
DA:364,0
DA:365,0
DA:373,0
DA:384,0
DA:385,0
DA:386,0
DA:388,0
DA:396,0
DA:397,0
DA:398,0
DA:399,0
DA:402,0
DA:404,0
DA:405,0
DA:411,0
DA:412,0
DA:414,0
DA:415,0
DA:416,0
DA:417,0
DA:420,0
DA:423,0
DA:428,0
DA:432,0
DA:439,0
DA:446,0
DA:451,0
DA:470,0
DA:471,0
DA:472,0
DA:473,0
DA:474,0
DA:480,0
DA:484,0
DA:488,0
DA:492,0
DA:496,0
DA:504,0
DA:519,0
DA:522,0
DA:534,0
DA:535,0
DA:536,0
DA:537,0
DA:542,0
DA:543,0
DA:546,0
DA:547,0
DA:551,0
DA:552,0
DA:556,0
DA:557,0
DA:560,0
DA:569,0
DA:571,0
DA:572,0
DA:574,0
DA:582,0
DA:585,0
DA:588,0
DA:601,0
DA:603,0
LF:134
LH:0
BRDA:22,0,0,0
BRDA:22,0,1,0
BRDA:24,1,0,0
BRDA:24,1,1,0
BRDA:28,2,0,0
BRDA:28,2,1,0
BRDA:37,3,0,0
BRDA:37,3,1,0
BRDA:240,4,0,0
BRDA:240,4,1,0
BRDA:264,5,0,0
BRDA:264,5,1,0
BRDA:286,6,0,0
BRDA:286,7,0,0
BRDA:294,8,0,0
BRDA:305,9,0,0
BRDA:305,9,1,0
BRDA:322,10,0,0
BRDA:322,10,1,0
BRDA:322,11,0,0
BRDA:322,11,1,0
BRDA:324,12,0,0
BRDA:324,12,1,0
BRDA:334,13,0,0
BRDA:334,13,1,0
BRDA:339,14,0,0
BRDA:339,14,1,0
BRDA:339,15,0,0
BRDA:339,15,1,0
BRDA:347,16,0,0
BRDA:347,16,1,0
BRDA:351,17,0,0
BRDA:351,17,1,0
BRDA:356,18,0,0
BRDA:356,18,1,0
BRDA:358,19,0,0
BRDA:358,19,1,0
BRDA:358,19,2,0
BRDA:358,19,3,0
BRDA:358,19,4,0
BRDA:358,19,5,0
BRDA:364,20,0,0
BRDA:364,20,1,0
BRDA:386,21,0,0
BRDA:386,21,1,0
BRDA:396,22,0,0
BRDA:396,22,1,0
BRDA:416,23,0,0
BRDA:416,23,1,0
BRDA:417,24,0,0
BRDA:417,24,1,0
BRDA:420,25,0,0
BRDA:420,25,1,0
BRDA:434,26,0,0
BRDA:434,26,1,0
BRDA:441,27,0,0
BRDA:441,27,1,0
BRDA:480,28,0,0
BRDA:480,28,1,0
BRDA:492,29,0,0
BRDA:492,29,1,0
BRDA:496,30,0,0
BRDA:496,30,1,0
BRDA:519,31,0,0
BRDA:519,31,1,0
BRDA:534,32,0,0
BRDA:534,32,1,0
BRDA:536,33,0,0
BRDA:536,33,1,0
BRDA:542,34,0,0
BRDA:542,34,1,0
BRDA:542,35,0,0
BRDA:542,35,1,0
BRDA:546,36,0,0
BRDA:546,36,1,0
BRDA:551,37,0,0
BRDA:551,37,1,0
BRDA:551,38,0,0
BRDA:551,38,1,0
BRDA:556,39,0,0
BRDA:556,39,1,0
BRDA:556,40,0,0
BRDA:556,40,1,0
BRDA:568,41,0,0
BRDA:585,42,0,0
BRDA:585,42,1,0
BRF:86
BRH:0
end_of_record
TN:
SF:stores/exercise-store.ts
FN:83,(anonymous_0)
FN:84,(anonymous_1)
FN:89,(anonymous_2)
FN:95,(anonymous_3)
FN:117,(anonymous_4)
FN:122,(anonymous_5)
FN:133,(anonymous_6)
FN:146,(anonymous_7)
FN:185,(anonymous_8)
FN:204,(anonymous_9)
FN:206,(anonymous_10)
FN:212,(anonymous_11)
FN:223,(anonymous_12)
FN:234,(anonymous_13)
FN:245,(anonymous_14)
FN:256,(anonymous_15)
FN:267,(anonymous_16)
FN:279,(anonymous_17)
FN:282,(anonymous_18)
FN:288,(anonymous_19)
FN:296,(anonymous_20)
FN:307,(anonymous_21)
FN:308,(anonymous_22)
FN:312,(anonymous_23)
FN:320,(anonymous_24)
FN:323,(anonymous_25)
FN:334,(anonymous_26)
FN:340,(anonymous_27)
FN:350,(anonymous_28)
FN:355,(anonymous_29)
FN:360,(anonymous_30)
FN:371,(anonymous_31)
FN:375,(anonymous_32)
FN:396,(anonymous_33)
FN:405,(anonymous_34)
FN:406,(anonymous_35)
FN:419,(anonymous_36)
FN:436,(anonymous_37)
FNF:38
FNH:0
FNDA:0,(anonymous_0)
FNDA:0,(anonymous_1)
FNDA:0,(anonymous_2)
FNDA:0,(anonymous_3)
FNDA:0,(anonymous_4)
FNDA:0,(anonymous_5)
FNDA:0,(anonymous_6)
FNDA:0,(anonymous_7)
FNDA:0,(anonymous_8)
FNDA:0,(anonymous_9)
FNDA:0,(anonymous_10)
FNDA:0,(anonymous_11)
FNDA:0,(anonymous_12)
FNDA:0,(anonymous_13)
FNDA:0,(anonymous_14)
FNDA:0,(anonymous_15)
FNDA:0,(anonymous_16)
FNDA:0,(anonymous_17)
FNDA:0,(anonymous_18)
FNDA:0,(anonymous_19)
FNDA:0,(anonymous_20)
FNDA:0,(anonymous_21)
FNDA:0,(anonymous_22)
FNDA:0,(anonymous_23)
FNDA:0,(anonymous_24)
FNDA:0,(anonymous_25)
FNDA:0,(anonymous_26)
FNDA:0,(anonymous_27)
FNDA:0,(anonymous_28)
FNDA:0,(anonymous_29)
FNDA:0,(anonymous_30)
FNDA:0,(anonymous_31)
FNDA:0,(anonymous_32)
FNDA:0,(anonymous_33)
FNDA:0,(anonymous_34)
FNDA:0,(anonymous_35)
FNDA:0,(anonymous_36)
FNDA:0,(anonymous_37)
DA:16,0
DA:17,0
DA:20,0
DA:83,0
DA:84,0
DA:85,0
DA:89,0
DA:95,0
DA:97,0
DA:103,0
DA:107,0
DA:110,0
DA:115,0
DA:117,0
DA:118,0
DA:119,0
DA:122,0
DA:123,0
DA:124,0
DA:126,0
DA:132,0
DA:133,0
DA:147,0
DA:148,0
DA:151,0
DA:153,0
DA:154,0
DA:155,0
DA:156,0
DA:161,0
DA:166,0
DA:173,0
DA:176,0
DA:177,0
DA:186,0
DA:188,0
DA:196,0
DA:204,0
DA:206,0
DA:209,0
DA:213,0
DA:215,0
DA:223,0
DA:228,0
DA:235,0
DA:237,0
DA:245,0
DA:250,0
DA:257,0
DA:266,0
DA:267,0
DA:272,0
DA:280,0
DA:282,0
DA:283,0
DA:288,0
DA:290,0
DA:297,0
DA:300,0
DA:307,0
DA:308,0
DA:309,0
DA:312,0
DA:314,0
DA:321,0
DA:323,0
DA:328,0
DA:335,0
DA:336,0
DA:341,0
DA:342,0
DA:351,0
DA:352,0
DA:356,0
DA:357,0
DA:361,0
DA:362,0
DA:363,0
DA:372,0
DA:375,0
DA:376,0
DA:384,0
DA:386,0
DA:392,0
DA:397,0
DA:400,0
DA:401,0
DA:402,0
DA:405,0
DA:406,0
DA:408,0
DA:415,0
DA:420,0
DA:432,0
DA:436,0
LF:95
LH:0
BRDA:97,0,0,0
BRDA:97,0,1,0
BRDA:97,0,2,0
BRDA:97,0,3,0
BRDA:103,1,0,0
BRDA:103,1,1,0
BRDA:107,2,0,0
BRDA:107,2,1,0
BRDA:110,3,0,0
BRDA:110,3,1,0
BRDA:110,3,2,0
BRDA:118,4,0,0
BRDA:118,4,1,0
BRDA:153,5,0,0
BRDA:153,5,1,0
BRDA:155,6,0,0
BRDA:155,6,1,0
BRDA:155,7,0,0
BRDA:155,7,1,0
BRDA:206,8,0,0
BRDA:206,8,1,0
BRDA:283,9,0,0
BRDA:283,9,1,0
BRDA:309,10,0,0
BRDA:309,10,1,0
BRDA:400,11,0,0
BRDA:400,11,1,0
BRF:27
BRH:0
end_of_record
TN:
SF:stores/navigation-store.ts
FN:60,(anonymous_0)
FN:65,(anonymous_1)
FN:75,(anonymous_2)
FN:79,(anonymous_3)
FN:90,(anonymous_4)
FN:95,(anonymous_5)
FN:119,(anonymous_6)
FN:123,(anonymous_7)
FN:127,(anonymous_8)
FN:132,(anonymous_9)
FN:180,(anonymous_10)
FN:198,(anonymous_11)
FN:203,(anonymous_12)
FN:217,(anonymous_13)
FN:232,(anonymous_14)
FN:258,(anonymous_15)
FN:266,(anonymous_16)
FN:271,(anonymous_17)
FN:278,(anonymous_18)
FNF:19
FNH:0
FNDA:0,(anonymous_0)
FNDA:0,(anonymous_1)
FNDA:0,(anonymous_2)
FNDA:0,(anonymous_3)
FNDA:0,(anonymous_4)
FNDA:0,(anonymous_5)
FNDA:0,(anonymous_6)
FNDA:0,(anonymous_7)
FNDA:0,(anonymous_8)
FNDA:0,(anonymous_9)
FNDA:0,(anonymous_10)
FNDA:0,(anonymous_11)
FNDA:0,(anonymous_12)
FNDA:0,(anonymous_13)
FNDA:0,(anonymous_14)
FNDA:0,(anonymous_15)
FNDA:0,(anonymous_16)
FNDA:0,(anonymous_17)
FNDA:0,(anonymous_18)
DA:13,0
DA:14,0
DA:49,0
DA:57,0
DA:58,0
DA:60,0
DA:61,0
DA:62,0
DA:65,0
DA:66,0
DA:67,0
DA:69,0
DA:75,0
DA:76,0
DA:79,0
DA:80,0
DA:82,0
DA:89,0
DA:90,0
DA:96,0
DA:97,0
DA:98,0
DA:101,0
DA:103,0
DA:110,0
DA:113,0
DA:120,0
DA:124,0
DA:128,0
DA:134,0
DA:135,0
DA:136,0
DA:139,0
DA:140,0
DA:141,0
DA:143,0
DA:145,0
DA:146,0
DA:148,0
DA:149,0
DA:155,0
DA:156,0
DA:163,0
DA:169,0
DA:170,0
DA:176,0
DA:181,0
DA:183,0
DA:184,0
DA:189,0
DA:190,0
DA:192,0
DA:193,0
DA:199,0
DA:200,0
DA:204,0
DA:206,0
DA:208,0
DA:210,0
DA:212,0
DA:218,0
DA:220,0
DA:222,0
DA:223,0
DA:224,0
DA:226,0
DA:233,0
DA:234,0
DA:235,0
DA:238,0
DA:240,0
DA:242,0
DA:249,0
DA:252,0
DA:258,0
DA:263,0
DA:266,0
DA:267,0
DA:268,0
DA:271,0
DA:272,0
DA:273,0
DA:278,0
DA:279,0
DA:280,0
DA:281,0
DA:286,0
LF:87
LH:0
BRDA:61,0,0,0
BRDA:61,0,1,0
BRDA:76,1,0,0
BRDA:76,1,1,0
BRDA:76,1,2,0
BRDA:80,2,0,0
BRDA:80,2,1,0
BRDA:80,3,0,0
BRDA:80,3,1,0
BRDA:83,4,0,0
BRDA:83,4,1,0
BRDA:96,5,0,0
BRDA:96,5,1,0
BRDA:134,6,0,0
BRDA:134,6,1,0
BRDA:145,7,0,0
BRDA:145,7,1,0
BRDA:148,8,0,0
BRDA:148,8,1,0
BRDA:204,9,0,0
BRDA:204,9,1,0
BRDA:204,9,2,0
BRDA:204,9,3,0
BRDA:220,10,0,0
BRDA:220,10,1,0
BRDA:220,11,0,0
BRDA:220,11,1,0
BRDA:224,12,0,0
BRDA:224,12,1,0
BRDA:233,13,0,0
BRDA:233,13,1,0
BRDA:267,14,0,0
BRDA:267,14,1,0
BRDA:279,15,0,0
BRDA:279,15,1,0
BRF:35
BRH:0
end_of_record
TN:
SF:stores/theme-store.ts
FN:261,(anonymous_0)
FN:272,(anonymous_1)
FN:278,(anonymous_2)
FN:286,(anonymous_3)
FN:291,(anonymous_4)
FN:302,(anonymous_5)
FN:308,(anonymous_6)
FN:311,(anonymous_7)
FN:316,(anonymous_8)
FN:328,(anonymous_9)
FN:334,(anonymous_10)
FN:356,(anonymous_11)
FN:365,(anonymous_12)
FN:372,(anonymous_13)
FN:374,(anonymous_14)
FNF:15
FNH:0
FNDA:0,(anonymous_0)
FNDA:0,(anonymous_1)
FNDA:0,(anonymous_2)
FNDA:0,(anonymous_3)
FNDA:0,(anonymous_4)
FNDA:0,(anonymous_5)
FNDA:0,(anonymous_6)
FNDA:0,(anonymous_7)
FNDA:0,(anonymous_8)
FNDA:0,(anonymous_9)
FNDA:0,(anonymous_10)
FNDA:0,(anonymous_11)
FNDA:0,(anonymous_12)
FNDA:0,(anonymous_13)
FNDA:0,(anonymous_14)
DA:23,0
DA:24,0
DA:27,0
DA:161,0
DA:241,0
DA:261,0
DA:262,0
DA:263,0
DA:264,0
DA:267,0
DA:272,0
DA:273,0
DA:278,0
DA:279,0
DA:280,0
DA:284,0
DA:286,0
DA:287,0
DA:288,0
DA:291,0
DA:292,0
DA:293,0
DA:295,0
DA:301,0
DA:302,0
DA:309,0
DA:312,0
DA:317,0
DA:319,0
DA:325,0
DA:329,0
DA:330,0
DA:331,0
DA:335,0
DA:337,0
DA:340,0
DA:341,0
DA:344,0
DA:345,0
DA:347,0
DA:350,0
DA:352,0
DA:357,0
DA:358,0
DA:359,0
DA:361,0
DA:366,0
DA:372,0
DA:374,0
DA:375,0
DA:376,0
LF:51
LH:0
BRDA:262,0,0,0
BRDA:262,0,1,0
BRDA:262,1,0,0
BRDA:262,1,1,0
BRDA:263,2,0,0
BRDA:263,2,1,0
BRDA:263,3,0,0
BRDA:263,3,1,0
BRDA:264,4,0,0
BRDA:264,4,1,0
BRDA:264,5,0,0
BRDA:264,5,1,0
BRDA:273,6,0,0
BRDA:273,6,1,0
BRDA:280,7,0,0
BRDA:280,7,1,0
BRDA:287,8,0,0
BRDA:287,8,1,0
BRDA:317,9,0,0
BRDA:317,9,1,0
BRDA:330,10,0,0
BRDA:330,10,1,0
BRDA:341,11,0,0
BRDA:341,11,1,0
BRDA:344,12,0,0
BRDA:344,12,1,0
BRDA:375,13,0,0
BRDA:375,13,1,0
BRDA:375,14,0,0
BRDA:375,14,1,0
BRDA:377,15,0,0
BRDA:377,15,1,0
BRF:32
BRH:0
end_of_record
TN:
SF:stores/workout-store.ts
FN:39,(anonymous_0)
FN:44,(anonymous_1)
FN:53,(anonymous_2)
FN:58,(anonymous_3)
FN:68,(anonymous_4)
FN:71,(anonymous_5)
FN:76,(anonymous_6)
FN:84,(anonymous_7)
FN:87,(anonymous_8)
FN:102,(anonymous_9)
FN:105,(anonymous_10)
FN:108,(anonymous_11)
FN:109,(anonymous_12)
FN:110,(anonymous_13)
FN:121,(anonymous_14)
FN:129,(anonymous_15)
FN:136,(anonymous_16)
FN:137,(anonymous_17)
FN:140,(anonymous_18)
FN:162,(anonymous_19)
FN:164,(anonymous_20)
FN:183,(anonymous_21)
FN:186,(anonymous_22)
FN:199,(anonymous_23)
FN:209,(anonymous_24)
FN:224,(anonymous_25)
FN:235,(anonymous_26)
FN:251,(anonymous_27)
FN:313,(anonymous_28)
FN:321,(anonymous_29)
FN:323,(anonymous_30)
FN:331,(anonymous_31)
FN:334,(anonymous_32)
FN:341,(anonymous_33)
FN:343,(anonymous_34)
FN:344,(anonymous_35)
FN:372,(anonymous_36)
FN:388,(anonymous_37)
FN:393,(anonymous_38)
FN:399,(anonymous_39)
FN:417,(anonymous_40)
FN:420,(anonymous_41)
FN:424,(anonymous_42)
FN:430,(anonymous_43)
FN:468,(anonymous_44)
FN:506,(anonymous_45)
FN:552,(anonymous_46)
FN:590,(anonymous_47)
FN:593,(anonymous_48)
FN:594,(anonymous_49)
FN:595,(anonymous_50)
FN:623,(anonymous_51)
FN:643,(anonymous_52)
FN:647,(anonymous_53)
FN:681,(anonymous_54)
FN:687,(anonymous_55)
FNF:56
FNH:0
FNDA:0,(anonymous_0)
FNDA:0,(anonymous_1)
FNDA:0,(anonymous_2)
FNDA:0,(anonymous_3)
FNDA:0,(anonymous_4)
FNDA:0,(anonymous_5)
FNDA:0,(anonymous_6)
FNDA:0,(anonymous_7)
FNDA:0,(anonymous_8)
FNDA:0,(anonymous_9)
FNDA:0,(anonymous_10)
FNDA:0,(anonymous_11)
FNDA:0,(anonymous_12)
FNDA:0,(anonymous_13)
FNDA:0,(anonymous_14)
FNDA:0,(anonymous_15)
FNDA:0,(anonymous_16)
FNDA:0,(anonymous_17)
FNDA:0,(anonymous_18)
FNDA:0,(anonymous_19)
FNDA:0,(anonymous_20)
FNDA:0,(anonymous_21)
FNDA:0,(anonymous_22)
FNDA:0,(anonymous_23)
FNDA:0,(anonymous_24)
FNDA:0,(anonymous_25)
FNDA:0,(anonymous_26)
FNDA:0,(anonymous_27)
FNDA:0,(anonymous_28)
FNDA:0,(anonymous_29)
FNDA:0,(anonymous_30)
FNDA:0,(anonymous_31)
FNDA:0,(anonymous_32)
FNDA:0,(anonymous_33)
FNDA:0,(anonymous_34)
FNDA:0,(anonymous_35)
FNDA:0,(anonymous_36)
FNDA:0,(anonymous_37)
FNDA:0,(anonymous_38)
FNDA:0,(anonymous_39)
FNDA:0,(anonymous_40)
FNDA:0,(anonymous_41)
FNDA:0,(anonymous_42)
FNDA:0,(anonymous_43)
FNDA:0,(anonymous_44)
FNDA:0,(anonymous_45)
FNDA:0,(anonymous_46)
FNDA:0,(anonymous_47)
FNDA:0,(anonymous_48)
FNDA:0,(anonymous_49)
FNDA:0,(anonymous_50)
FNDA:0,(anonymous_51)
FNDA:0,(anonymous_52)
FNDA:0,(anonymous_53)
FNDA:0,(anonymous_54)
FNDA:0,(anonymous_55)
DA:31,0
DA:32,0
DA:33,0
DA:36,0
DA:37,0
DA:39,0
DA:40,0
DA:41,0
DA:44,0
DA:45,0
DA:46,0
DA:48,0
DA:53,0
DA:54,0
DA:55,0
DA:58,0
DA:59,0
DA:60,0
DA:62,0
DA:68,0
DA:71,0
DA:72,0
DA:73,0
DA:76,0
DA:84,0
DA:85,0
DA:87,0
DA:88,0
DA:89,0
DA:90,0
DA:93,0
DA:98,0
DA:102,0
DA:103,0
DA:105,0
DA:108,0
DA:109,0
DA:110,0
DA:120,0
DA:121,0
DA:130,0
DA:133,0
DA:135,0
DA:136,0
DA:137,0
DA:140,0
DA:150,0
DA:151,0
DA:158,0
DA:159,0
DA:163,0
DA:164,0
DA:165,0
DA:174,0
DA:179,0
DA:180,0
DA:184,0
DA:185,0
DA:186,0
DA:189,0
DA:195,0
DA:196,0
DA:200,0
DA:204,0
DA:205,0
DA:210,0
DA:213,0
DA:214,0
DA:219,0
DA:220,0
DA:225,0
DA:226,0
DA:231,0
DA:232,0
DA:236,0
DA:239,0
DA:240,0
DA:241,0
DA:245,0
DA:252,0
DA:255,0
DA:256,0
DA:257,0
DA:260,0
DA:261,0
DA:264,0
DA:266,0
DA:267,0
DA:271,0
DA:272,0
DA:291,0
DA:294,0
DA:301,0
DA:304,0
DA:305,0
DA:314,0
DA:315,0
DA:317,0
DA:318,0
DA:322,0
DA:323,0
DA:324,0
DA:327,0
DA:328,0
DA:332,0
DA:333,0
DA:334,0
DA:337,0
DA:338,0
DA:343,0
DA:344,0
DA:351,0
DA:360,0
DA:368,0
DA:369,0
DA:373,0
DA:374,0
DA:376,0
DA:383,0
DA:384,0
DA:389,0
DA:390,0
DA:394,0
DA:395,0
DA:396,0
DA:400,0
DA:401,0
DA:403,0
DA:404,0
DA:405,0
DA:407,0
DA:408,0
DA:410,0
DA:411,0
DA:412,0
DA:417,0
DA:421,0
DA:425,0
DA:431,0
DA:432,0
DA:435,0
DA:436,0
DA:437,0
DA:438,0
DA:445,0
DA:446,0
DA:447,0
DA:448,0
DA:451,0
DA:453,0
DA:454,0
DA:469,0
DA:471,0
DA:472,0
DA:474,0
DA:479,0
DA:482,0
DA:491,0
DA:492,0
DA:494,0
DA:495,0
DA:499,0
DA:507,0
DA:509,0
DA:510,0
DA:511,0
DA:514,0
DA:515,0
DA:518,0
DA:519,0
DA:523,0
DA:531,0
DA:536,0
DA:537,0
DA:538,0
DA:540,0
DA:541,0
DA:545,0
DA:553,0
DA:555,0
DA:556,0
DA:557,0
DA:560,0
DA:561,0
DA:563,0
DA:571,0
DA:577,0
DA:590,0
DA:593,0
DA:594,0
DA:595,0
DA:604,0
DA:605,0
DA:607,0
DA:608,0
DA:609,0
DA:611,0
DA:612,0
DA:616,0
DA:624,0
DA:625,0
DA:628,0
DA:630,0
DA:631,0
DA:632,0
DA:635,0
DA:638,0
DA:643,0
DA:647,0
DA:656,0
DA:666,0
DA:667,0
DA:669,0
DA:670,0
DA:674,0
DA:682,0
DA:683,0
DA:685,0
DA:687,0
DA:701,0
DA:707,0
DA:709,0
DA:710,0
DA:712,0
DA:713,0
DA:717,0
LF:226
LH:0
BRDA:40,0,0,0
BRDA:40,0,1,0
BRDA:54,1,0,0
BRDA:54,1,1,0
BRDA:72,2,0,0
BRDA:72,2,1,0
BRDA:72,3,0,0
BRDA:72,3,1,0
BRDA:85,4,0,0
BRDA:85,4,1,0
BRDA:85,5,0,0
BRDA:85,5,1,0
BRDA:93,6,0,0
BRDA:93,6,1,0
BRDA:93,6,2,0
BRDA:93,6,3,0
BRDA:98,7,0,0
BRDA:98,7,1,0
BRDA:98,7,2,0
BRDA:98,7,3,0
BRDA:107,8,0,0
BRDA:107,8,1,0
BRDA:108,9,0,0
BRDA:108,9,1,0
BRDA:109,10,0,0
BRDA:109,10,1,0
BRDA:110,11,0,0
BRDA:110,11,1,0
BRDA:155,12,0,0
BRDA:155,12,1,0
BRDA:165,13,0,0
BRDA:165,13,1,0
BRDA:213,14,0,0
BRDA:213,14,1,0
BRDA:239,15,0,0
BRDA:239,15,1,0
BRDA:255,16,0,0
BRDA:255,16,1,0
BRDA:266,17,0,0
BRDA:266,17,1,0
BRDA:274,18,0,0
BRDA:274,18,1,0
BRDA:286,19,0,0
BRDA:286,19,1,0
BRDA:306,20,0,0
BRDA:306,20,1,0
BRDA:324,21,0,0
BRDA:324,21,1,0
BRDA:380,22,0,0
BRDA:380,22,1,0
BRDA:401,23,0,0
BRDA:401,23,1,0
BRDA:407,24,0,0
BRDA:407,24,1,0
BRDA:412,25,0,0
BRDA:412,25,1,0
BRDA:436,26,0,0
BRDA:436,26,1,0
BRDA:440,27,0,0
BRDA:440,27,1,0
BRDA:446,28,0,0
BRDA:446,28,1,0
BRDA:475,29,0,0
BRDA:475,29,1,0
BRDA:475,29,2,0
BRDA:509,30,0,0
BRDA:509,30,1,0
BRDA:509,31,0,0
BRDA:509,31,1,0
BRDA:518,32,0,0
BRDA:518,32,1,0
BRDA:526,33,0,0
BRDA:526,33,1,0
BRDA:555,34,0,0
BRDA:555,34,1,0
BRDA:566,35,0,0
BRDA:566,35,1,0
BRDA:578,36,0,0
BRDA:578,36,1,0
BRDA:586,37,0,0
BRDA:586,37,1,0
BRDA:592,38,0,0
BRDA:592,38,1,0
BRDA:593,39,0,0
BRDA:593,39,1,0
BRDA:594,40,0,0
BRDA:594,40,1,0
BRDA:595,41,0,0
BRDA:595,41,1,0
BRDA:630,42,0,0
BRDA:630,42,1,0
BRDA:644,43,0,0
BRDA:644,43,1,0
BRDA:648,44,0,0
BRDA:648,44,1,0
BRDA:649,45,0,0
BRDA:649,45,1,0
BRDA:650,46,0,0
BRDA:650,46,1,0
BRDA:651,47,0,0
BRDA:651,47,1,0
BRDA:688,48,0,0
BRDA:688,48,1,0
BRDA:690,49,0,0
BRDA:690,49,1,0
BRDA:691,50,0,0
BRDA:691,50,1,0
BRDA:692,51,0,0
BRDA:692,51,1,0
BRDA:696,52,0,0
BRDA:696,52,1,0
BRF:111
BRH:0
end_of_record
